Using pre-set license
Built from '2022.3/staging' branch; Version is '2022.3.13f1 (5f90a5ebde0f) revision 6262949'; Using compiler version '192829333'; Build Type 'Release'
OS: 'Windows 10  (10.0.19045) 64bit Professional' Language: 'de' Physical Memory: 31534 MB
BatchMode: 1, IsHumanControllingUs: 0, StartBugReporterOnCrash: 0, Is64bit: 1, IsPro: 1

COMMAND LINE ARGUMENTS:
C:\Program Files\Unity\Hub\Editor\2022.3.13f1\Editor\Unity.exe
-adb2
-batchMode
-noUpm
-name
AssetImportWorker0
-projectPath
C:/Users/lfeller/Desktop/Monopoly-Clon/Monopoly-Clon
-logFile
Logs/AssetImportWorker0.log
-srvPort
58236
Successfully changed project path to: C:/Users/lfeller/Desktop/Monopoly-Clon/Monopoly-Clon
C:/Users/lfeller/Desktop/Monopoly-Clon/Monopoly-Clon
[UnityMemory] Configuration Parameters - Can be set up in boot.config
    "memorysetup-bucket-allocator-granularity=16"
    "memorysetup-bucket-allocator-bucket-count=8"
    "memorysetup-bucket-allocator-block-size=33554432"
    "memorysetup-bucket-allocator-block-count=8"
    "memorysetup-main-allocator-block-size=16777216"
    "memorysetup-thread-allocator-block-size=16777216"
    "memorysetup-gfx-main-allocator-block-size=16777216"
    "memorysetup-gfx-thread-allocator-block-size=16777216"
    "memorysetup-cache-allocator-block-size=4194304"
    "memorysetup-typetree-allocator-block-size=2097152"
    "memorysetup-profiler-bucket-allocator-granularity=16"
    "memorysetup-profiler-bucket-allocator-bucket-count=8"
    "memorysetup-profiler-bucket-allocator-block-size=33554432"
    "memorysetup-profiler-bucket-allocator-block-count=8"
    "memorysetup-profiler-allocator-block-size=16777216"
    "memorysetup-profiler-editor-allocator-block-size=1048576"
    "memorysetup-temp-allocator-size-main=16777216"
    "memorysetup-job-temp-allocator-block-size=2097152"
    "memorysetup-job-temp-allocator-block-size-background=1048576"
    "memorysetup-job-temp-allocator-reduction-small-platforms=262144"
    "memorysetup-allocator-temp-initial-block-size-main=262144"
    "memorysetup-allocator-temp-initial-block-size-worker=262144"
    "memorysetup-temp-allocator-size-background-worker=32768"
    "memorysetup-temp-allocator-size-job-worker=262144"
    "memorysetup-temp-allocator-size-preload-manager=33554432"
    "memorysetup-temp-allocator-size-nav-mesh-worker=65536"
    "memorysetup-temp-allocator-size-audio-worker=65536"
    "memorysetup-temp-allocator-size-cloud-worker=32768"
    "memorysetup-temp-allocator-size-gi-baking-worker=262144"
    "memorysetup-temp-allocator-size-gfx=262144"
Player connection [29848] Host "[IP] 192.168.136.84 [Port] 0 [Flags] 2 [Guid] 1880906108 [EditorId] 1880906108 [Version] 1048832 [Id] WindowsEditor(7,IT-TNN-2023LF) [Debug] 1 [PackageName] WindowsEditor [ProjectName] Editor" joined multi-casting on [225.0.0.222:54997]...

Player connection [29848] Host "[IP] 192.168.136.84 [Port] 0 [Flags] 2 [Guid] 1880906108 [EditorId] 1880906108 [Version] 1048832 [Id] WindowsEditor(7,IT-TNN-2023LF) [Debug] 1 [PackageName] WindowsEditor [ProjectName] Editor" joined alternative multi-casting on [225.0.0.222:34997]...

[Physics::Module] Initialized MultithreadedJobDispatcher with 11 workers.
Refreshing native plugins compatible for Editor in 19.31 ms, found 3 plugins.
Preloading 0 native plugins for Editor in 0.00 ms.
Initialize engine version: 2022.3.13f1 (5f90a5ebde0f)
[Subsystems] Discovering subsystems at path C:/Program Files/Unity/Hub/Editor/2022.3.13f1/Editor/Data/Resources/UnitySubsystems
[Subsystems] Discovering subsystems at path C:/Users/lfeller/Desktop/Monopoly-Clon/Monopoly-Clon/Assets
GfxDevice: creating device client; threaded=0; jobified=0
Direct3D:
    Version:  Direct3D 11.0 [level 11.1]
    Renderer: AMD Radeon (TM) Graphics (ID=0x15e7)
    Vendor:   ATI
    VRAM:     15767 MB
    Driver:   30.0.13040.5001
Initialize mono
Mono path[0] = 'C:/Program Files/Unity/Hub/Editor/2022.3.13f1/Editor/Data/Managed'
Mono path[1] = 'C:/Program Files/Unity/Hub/Editor/2022.3.13f1/Editor/Data/MonoBleedingEdge/lib/mono/unityjit-win32'
Mono config path = 'C:/Program Files/Unity/Hub/Editor/2022.3.13f1/Editor/Data/MonoBleedingEdge/etc'
Using monoOptions --debugger-agent=transport=dt_socket,embedding=1,server=y,suspend=n,address=127.0.0.1:56416
Begin MonoManager ReloadAssembly
Registering precompiled unity dll's ...
Register platform support module: C:/Program Files/Unity/Hub/Editor/2022.3.13f1/Editor/Data/PlaybackEngines/WindowsStandaloneSupport/UnityEditor.WindowsStandalone.Extensions.dll
Registered in 0.017211 seconds.
- Loaded All Assemblies, in  0.588 seconds
Native extension for WindowsStandalone target not found
Mono: successfully reloaded assembly
- Finished resetting the current domain, in  0.378 seconds
Domain Reload Profiling: 963ms
	BeginReloadAssembly (218ms)
		ExecutionOrderSort (0ms)
		DisableScriptedObjects (0ms)
		BackupInstance (0ms)
		ReleaseScriptingObjects (0ms)
		CreateAndSetChildDomain (3ms)
	RebuildCommonClasses (58ms)
	RebuildNativeTypeToScriptingClass (15ms)
	initialDomainReloadingComplete (97ms)
	LoadAllAssembliesAndSetupDomain (196ms)
		LoadAssemblies (209ms)
		RebuildTransferFunctionScriptingTraits (0ms)
		AnalyzeDomain (193ms)
			TypeCache.Refresh (189ms)
				TypeCache.ScanAssembly (166ms)
			ScanForSourceGeneratedMonoScriptInfo (1ms)
			ResolveRequiredComponents (1ms)
	FinalizeReload (379ms)
		ReleaseScriptCaches (0ms)
		RebuildScriptCaches (0ms)
		SetupLoadedEditorAssemblies (290ms)
			LogAssemblyErrors (0ms)
			InitializePlatformSupportModulesInManaged (14ms)
			SetLoadedEditorAssemblies (10ms)
			RefreshPlugins (0ms)
			BeforeProcessingInitializeOnLoad (4ms)
			ProcessInitializeOnLoadAttributes (190ms)
			ProcessInitializeOnLoadMethodAttributes (73ms)
			AfterProcessingInitializeOnLoad (0ms)
			EditorAssembliesLoaded (0ms)
		ExecutionOrderSort2 (0ms)
		AwakeInstancesAfterBackupRestoration (0ms)
========================================================================
Worker process is ready to serve import requests
Begin MonoManager ReloadAssembly
Symbol file LoadedFromMemory is not a mono symbol file
- Loaded All Assemblies, in  1.177 seconds
Refreshing native plugins compatible for Editor in 12.11 ms, found 3 plugins.
Native extension for WindowsStandalone target not found
Package Manager log level set to [2]
[Package Manager] Server::EnsureServerProcessIsRunning -- launch failed, reason: Unity was launched with the -noUpm command-line argument
[Package Manager] UpmClient::Send -- Unable to send message (not connected to UPM process).
[Package Manager] Cannot connect to Unity Package Manager local server
Mono: successfully reloaded assembly
[Package Manager] Server::EnsureServerProcessIsRunning -- launch failed, reason: Unity was launched with the -noUpm command-line argument
[Package Manager] UpmClient::Send -- Unable to send message (not connected to UPM process).
[Package Manager] Cannot connect to Unity Package Manager local server
[Package Manager] Server::EnsureServerProcessIsRunning -- launch failed, reason: Unity was launched with the -noUpm command-line argument
[Package Manager] UpmClient::Send -- Unable to send message (not connected to UPM process).
[Package Manager] Cannot connect to Unity Package Manager local server
- Finished resetting the current domain, in  1.351 seconds
Domain Reload Profiling: 2491ms
	BeginReloadAssembly (241ms)
		ExecutionOrderSort (0ms)
		DisableScriptedObjects (7ms)
		BackupInstance (0ms)
		ReleaseScriptingObjects (0ms)
		CreateAndSetChildDomain (38ms)
	RebuildCommonClasses (47ms)
	RebuildNativeTypeToScriptingClass (12ms)
	initialDomainReloadingComplete (71ms)
	LoadAllAssembliesAndSetupDomain (767ms)
		LoadAssemblies (627ms)
		RebuildTransferFunctionScriptingTraits (0ms)
		AnalyzeDomain (286ms)
			TypeCache.Refresh (248ms)
				TypeCache.ScanAssembly (221ms)
			ScanForSourceGeneratedMonoScriptInfo (28ms)
			ResolveRequiredComponents (6ms)
	FinalizeReload (1352ms)
		ReleaseScriptCaches (0ms)
		RebuildScriptCaches (0ms)
		SetupLoadedEditorAssemblies (1129ms)
			LogAssemblyErrors (0ms)
			InitializePlatformSupportModulesInManaged (11ms)
			SetLoadedEditorAssemblies (8ms)
			RefreshPlugins (0ms)
			BeforeProcessingInitializeOnLoad (147ms)
			ProcessInitializeOnLoadAttributes (920ms)
			ProcessInitializeOnLoadMethodAttributes (29ms)
			AfterProcessingInitializeOnLoad (13ms)
			EditorAssembliesLoaded (0ms)
		ExecutionOrderSort2 (0ms)
		AwakeInstancesAfterBackupRestoration (10ms)
Launched and connected shader compiler UnityShaderCompiler.exe after 0.05 seconds
Refreshing native plugins compatible for Editor in 7.11 ms, found 3 plugins.
Preloading 0 native plugins for Editor in 0.00 ms.
Unloading 3319 Unused Serialized files (Serialized files now loaded: 0)
Unloading 36 unused Assets / (59.6 KB). Loaded Objects now: 3781.
Memory consumption went from 132.0 MB to 131.9 MB.
Total: 4.505700 ms (FindLiveObjects: 0.318100 ms CreateObjectMapping: 0.104400 ms MarkObjects: 3.905800 ms  DeleteObjects: 0.176000 ms)

AssetImportParameters requested are different than current active one (requested -> active):
  custom:container-demuxer-ogg: 62fdf1f143b41e24485cea50d1cbac27 -> 
  custom:video-decoder-ogg-theora: a1e56fd34408186e4bbccfd4996cb3dc -> 
  custom:framework-win-MediaFoundation: 216162199b28c13a410421893ffa2e32 -> 
  custom:CustomObjectIndexerAttribute: 756ad292c208cfabdd7b50bc23989ffe -> 
  custom:container-demuxer-webm: 4f35f7cbe854078d1ac9338744f61a02 -> 
  custom:container-muxer-webm: aa71ff27fc2769a1b78a27578f13a17b -> 
  custom:video-decoder-webm-vp8: 9c59270c3fd7afecdb556c50c9e8de78 -> 
  custom:SearchIndexIgnoredProperties: e643bd26f0fe6173181afceb89e7c659 -> 
  custom:AudioImporter_EditorPlatform: d09bf68614088b80899f8185d706f6e7 -> 
  custom:video-encoder-webm-vp8: eb34c28f22e8b96e1ab97ce403110664 -> 
  custom:audio-decoder-ogg-vorbis: bf7c407c2cedff20999df2af8eb42d56 -> 
  custom:audio-encoder-webm-vorbis: bf7c407c2cedff20999df2af8eb42d56 -> 
========================================================================
Received Prepare
Begin MonoManager ReloadAssembly
Symbol file LoadedFromMemory is not a mono symbol file
- Loaded All Assemblies, in  0.631 seconds
Refreshing native plugins compatible for Editor in 6.02 ms, found 3 plugins.
Native extension for WindowsStandalone target not found
[Package Manager] Server::EnsureServerProcessIsRunning -- launch failed, reason: Unity was launched with the -noUpm command-line argument
[Package Manager] UpmClient::Send -- Unable to send message (not connected to UPM process).
[Package Manager] Cannot connect to Unity Package Manager local server
Mono: successfully reloaded assembly
[Package Manager] Server::EnsureServerProcessIsRunning -- launch failed, reason: Unity was launched with the -noUpm command-line argument
[Package Manager] UpmClient::Send -- Unable to send message (not connected to UPM process).
[Package Manager] Cannot connect to Unity Package Manager local server
- Finished resetting the current domain, in  1.508 seconds
Domain Reload Profiling: 2135ms
	BeginReloadAssembly (194ms)
		ExecutionOrderSort (0ms)
		DisableScriptedObjects (7ms)
		BackupInstance (0ms)
		ReleaseScriptingObjects (0ms)
		CreateAndSetChildDomain (44ms)
	RebuildCommonClasses (41ms)
	RebuildNativeTypeToScriptingClass (10ms)
	initialDomainReloadingComplete (39ms)
	LoadAllAssembliesAndSetupDomain (342ms)
		LoadAssemblies (414ms)
		RebuildTransferFunctionScriptingTraits (0ms)
		AnalyzeDomain (33ms)
			TypeCache.Refresh (13ms)
				TypeCache.ScanAssembly (2ms)
			ScanForSourceGeneratedMonoScriptInfo (12ms)
			ResolveRequiredComponents (6ms)
	FinalizeReload (1509ms)
		ReleaseScriptCaches (0ms)
		RebuildScriptCaches (0ms)
		SetupLoadedEditorAssemblies (840ms)
			LogAssemblyErrors (0ms)
			InitializePlatformSupportModulesInManaged (10ms)
			SetLoadedEditorAssemblies (7ms)
			RefreshPlugins (0ms)
			BeforeProcessingInitializeOnLoad (128ms)
			ProcessInitializeOnLoadAttributes (649ms)
			ProcessInitializeOnLoadMethodAttributes (26ms)
			AfterProcessingInitializeOnLoad (19ms)
			EditorAssembliesLoaded (0ms)
		ExecutionOrderSort2 (0ms)
		AwakeInstancesAfterBackupRestoration (9ms)
Refreshing native plugins compatible for Editor in 7.12 ms, found 3 plugins.
Preloading 0 native plugins for Editor in 0.00 ms.
Unloading 3299 Unused Serialized files (Serialized files now loaded: 0)
Unloading 28 unused Assets / (33.7 KB). Loaded Objects now: 3784.
Memory consumption went from 129.6 MB to 129.6 MB.
Total: 5.648200 ms (FindLiveObjects: 0.780400 ms CreateObjectMapping: 0.190200 ms MarkObjects: 4.585500 ms  DeleteObjects: 0.090100 ms)

Prepare: number of updated asset objects reloaded= 0
AssetImportParameters requested are different than current active one (requested -> active):
  custom:container-demuxer-ogg: 62fdf1f143b41e24485cea50d1cbac27 -> 
  custom:video-decoder-ogg-theora: a1e56fd34408186e4bbccfd4996cb3dc -> 
  custom:framework-win-MediaFoundation: 216162199b28c13a410421893ffa2e32 -> 
  custom:CustomObjectIndexerAttribute: 756ad292c208cfabdd7b50bc23989ffe -> 
  custom:container-demuxer-webm: 4f35f7cbe854078d1ac9338744f61a02 -> 
  custom:container-muxer-webm: aa71ff27fc2769a1b78a27578f13a17b -> 
  custom:video-decoder-webm-vp8: 9c59270c3fd7afecdb556c50c9e8de78 -> 
  custom:SearchIndexIgnoredProperties: e643bd26f0fe6173181afceb89e7c659 -> 
  custom:AudioImporter_EditorPlatform: d09bf68614088b80899f8185d706f6e7 -> 
  custom:video-encoder-webm-vp8: eb34c28f22e8b96e1ab97ce403110664 -> 
  custom:audio-decoder-ogg-vorbis: bf7c407c2cedff20999df2af8eb42d56 -> 
  custom:audio-encoder-webm-vorbis: bf7c407c2cedff20999df2af8eb42d56 -> 
========================================================================
Received Import Request.
  Time since last request: 1353789.766935 seconds.
  path: Assets/Scripts/Inv_Card_Destroyer.cs
  artifactKey: Guid(2f92f26504225d54ba0df33facdb04de) Importer(815301076,1909f56bfc062723c751e8b465ee728b)
Start importing Assets/Scripts/Inv_Card_Destroyer.cs using Guid(2f92f26504225d54ba0df33facdb04de) Importer(815301076,1909f56bfc062723c751e8b465ee728b)  -> (artifact id: 'f63f24cbf790e3e364862512e1e57a31') in 0.002573 seconds
Number of updated asset objects reloaded before import = 0
Number of asset objects unloaded after import = 0
========================================================================
Received Prepare
Begin MonoManager ReloadAssembly
Symbol file LoadedFromMemory is not a mono symbol file
- Loaded All Assemblies, in  0.596 seconds
Refreshing native plugins compatible for Editor in 5.96 ms, found 3 plugins.
Native extension for WindowsStandalone target not found
[Package Manager] Server::EnsureServerProcessIsRunning -- launch failed, reason: Unity was launched with the -noUpm command-line argument
[Package Manager] UpmClient::Send -- Unable to send message (not connected to UPM process).
[Package Manager] Cannot connect to Unity Package Manager local server
Mono: successfully reloaded assembly
[Package Manager] Server::EnsureServerProcessIsRunning -- launch failed, reason: Unity was launched with the -noUpm command-line argument
[Package Manager] UpmClient::Send -- Unable to send message (not connected to UPM process).
[Package Manager] Cannot connect to Unity Package Manager local server
- Finished resetting the current domain, in  1.202 seconds
Domain Reload Profiling: 1793ms
	BeginReloadAssembly (189ms)
		ExecutionOrderSort (0ms)
		DisableScriptedObjects (6ms)
		BackupInstance (0ms)
		ReleaseScriptingObjects (0ms)
		CreateAndSetChildDomain (44ms)
	RebuildCommonClasses (40ms)
	RebuildNativeTypeToScriptingClass (14ms)
	initialDomainReloadingComplete (35ms)
	LoadAllAssembliesAndSetupDomain (313ms)
		LoadAssemblies (393ms)
		RebuildTransferFunctionScriptingTraits (0ms)
		AnalyzeDomain (22ms)
			TypeCache.Refresh (10ms)
				TypeCache.ScanAssembly (1ms)
			ScanForSourceGeneratedMonoScriptInfo (6ms)
			ResolveRequiredComponents (5ms)
	FinalizeReload (1202ms)
		ReleaseScriptCaches (0ms)
		RebuildScriptCaches (0ms)
		SetupLoadedEditorAssemblies (622ms)
			LogAssemblyErrors (0ms)
			InitializePlatformSupportModulesInManaged (7ms)
			SetLoadedEditorAssemblies (6ms)
			RefreshPlugins (0ms)
			BeforeProcessingInitializeOnLoad (97ms)
			ProcessInitializeOnLoadAttributes (481ms)
			ProcessInitializeOnLoadMethodAttributes (21ms)
			AfterProcessingInitializeOnLoad (9ms)
			EditorAssembliesLoaded (0ms)
		ExecutionOrderSort2 (0ms)
		AwakeInstancesAfterBackupRestoration (6ms)
Refreshing native plugins compatible for Editor in 5.29 ms, found 3 plugins.
Preloading 0 native plugins for Editor in 0.00 ms.
Unloading 3298 Unused Serialized files (Serialized files now loaded: 0)
Unloading 28 unused Assets / (33.7 KB). Loaded Objects now: 3787.
Memory consumption went from 131.3 MB to 131.3 MB.
Total: 3.454400 ms (FindLiveObjects: 0.290800 ms CreateObjectMapping: 0.102800 ms MarkObjects: 2.998600 ms  DeleteObjects: 0.060500 ms)

Prepare: number of updated asset objects reloaded= 0
AssetImportParameters requested are different than current active one (requested -> active):
  custom:container-demuxer-ogg: 62fdf1f143b41e24485cea50d1cbac27 -> 
  custom:video-decoder-ogg-theora: a1e56fd34408186e4bbccfd4996cb3dc -> 
  custom:framework-win-MediaFoundation: 216162199b28c13a410421893ffa2e32 -> 
  custom:CustomObjectIndexerAttribute: 756ad292c208cfabdd7b50bc23989ffe -> 
  custom:container-demuxer-webm: 4f35f7cbe854078d1ac9338744f61a02 -> 
  custom:container-muxer-webm: aa71ff27fc2769a1b78a27578f13a17b -> 
  custom:video-decoder-webm-vp8: 9c59270c3fd7afecdb556c50c9e8de78 -> 
  custom:SearchIndexIgnoredProperties: e643bd26f0fe6173181afceb89e7c659 -> 
  custom:AudioImporter_EditorPlatform: d09bf68614088b80899f8185d706f6e7 -> 
  custom:video-encoder-webm-vp8: eb34c28f22e8b96e1ab97ce403110664 -> 
  custom:audio-decoder-ogg-vorbis: bf7c407c2cedff20999df2af8eb42d56 -> 
  custom:audio-encoder-webm-vorbis: bf7c407c2cedff20999df2af8eb42d56 -> 
========================================================================
Received Import Request.
  Time since last request: 428.086630 seconds.
  path: Assets/Scripts/Inv_Card_Destroyer.cs
  artifactKey: Guid(2f92f26504225d54ba0df33facdb04de) Importer(815301076,1909f56bfc062723c751e8b465ee728b)
Start importing Assets/Scripts/Inv_Card_Destroyer.cs using Guid(2f92f26504225d54ba0df33facdb04de) Importer(815301076,1909f56bfc062723c751e8b465ee728b)  -> (artifact id: '8428d8a86a9a05cad65a002967f34b6e') in 0.001790 seconds
Number of updated asset objects reloaded before import = 0
Number of asset objects unloaded after import = 0
========================================================================
Received Prepare
Begin MonoManager ReloadAssembly
Symbol file LoadedFromMemory is not a mono symbol file
- Loaded All Assemblies, in  0.687 seconds
Refreshing native plugins compatible for Editor in 6.45 ms, found 3 plugins.
Native extension for WindowsStandalone target not found
[Package Manager] Server::EnsureServerProcessIsRunning -- launch failed, reason: Unity was launched with the -noUpm command-line argument
[Package Manager] UpmClient::Send -- Unable to send message (not connected to UPM process).
[Package Manager] Cannot connect to Unity Package Manager local server
Mono: successfully reloaded assembly
[Package Manager] Server::EnsureServerProcessIsRunning -- launch failed, reason: Unity was launched with the -noUpm command-line argument
[Package Manager] UpmClient::Send -- Unable to send message (not connected to UPM process).
[Package Manager] Cannot connect to Unity Package Manager local server
- Finished resetting the current domain, in  1.126 seconds
Domain Reload Profiling: 1809ms
	BeginReloadAssembly (233ms)
		ExecutionOrderSort (0ms)
		DisableScriptedObjects (8ms)
		BackupInstance (0ms)
		ReleaseScriptingObjects (0ms)
		CreateAndSetChildDomain (52ms)
	RebuildCommonClasses (36ms)
	RebuildNativeTypeToScriptingClass (11ms)
	initialDomainReloadingComplete (38ms)
	LoadAllAssembliesAndSetupDomain (364ms)
		LoadAssemblies (467ms)
		RebuildTransferFunctionScriptingTraits (0ms)
		AnalyzeDomain (32ms)
			TypeCache.Refresh (15ms)
				TypeCache.ScanAssembly (1ms)
			ScanForSourceGeneratedMonoScriptInfo (8ms)
			ResolveRequiredComponents (6ms)
	FinalizeReload (1126ms)
		ReleaseScriptCaches (0ms)
		RebuildScriptCaches (0ms)
		SetupLoadedEditorAssemblies (597ms)
			LogAssemblyErrors (0ms)
			InitializePlatformSupportModulesInManaged (7ms)
			SetLoadedEditorAssemblies (5ms)
			RefreshPlugins (0ms)
			BeforeProcessingInitializeOnLoad (99ms)
			ProcessInitializeOnLoadAttributes (457ms)
			ProcessInitializeOnLoadMethodAttributes (19ms)
			AfterProcessingInitializeOnLoad (9ms)
			EditorAssembliesLoaded (0ms)
		ExecutionOrderSort2 (0ms)
		AwakeInstancesAfterBackupRestoration (6ms)
Refreshing native plugins compatible for Editor in 4.81 ms, found 3 plugins.
Preloading 0 native plugins for Editor in 0.00 ms.
Unloading 3298 Unused Serialized files (Serialized files now loaded: 0)
Unloading 28 unused Assets / (33.6 KB). Loaded Objects now: 3790.
Memory consumption went from 133.2 MB to 133.2 MB.
Total: 3.571800 ms (FindLiveObjects: 0.363800 ms CreateObjectMapping: 0.093400 ms MarkObjects: 3.054400 ms  DeleteObjects: 0.059700 ms)

Prepare: number of updated asset objects reloaded= 0
AssetImportParameters requested are different than current active one (requested -> active):
  custom:container-demuxer-ogg: 62fdf1f143b41e24485cea50d1cbac27 -> 
  custom:video-decoder-ogg-theora: a1e56fd34408186e4bbccfd4996cb3dc -> 
  custom:framework-win-MediaFoundation: 216162199b28c13a410421893ffa2e32 -> 
  custom:CustomObjectIndexerAttribute: 756ad292c208cfabdd7b50bc23989ffe -> 
  custom:container-demuxer-webm: 4f35f7cbe854078d1ac9338744f61a02 -> 
  custom:container-muxer-webm: aa71ff27fc2769a1b78a27578f13a17b -> 
  custom:video-decoder-webm-vp8: 9c59270c3fd7afecdb556c50c9e8de78 -> 
  custom:SearchIndexIgnoredProperties: e643bd26f0fe6173181afceb89e7c659 -> 
  custom:AudioImporter_EditorPlatform: d09bf68614088b80899f8185d706f6e7 -> 
  custom:video-encoder-webm-vp8: eb34c28f22e8b96e1ab97ce403110664 -> 
  custom:audio-decoder-ogg-vorbis: bf7c407c2cedff20999df2af8eb42d56 -> 
  custom:audio-encoder-webm-vorbis: bf7c407c2cedff20999df2af8eb42d56 -> 
========================================================================
Received Import Request.
  Time since last request: 128.704691 seconds.
  path: Assets/Prefaps/Street_Carts/Bahnhof_N.prefab
  artifactKey: Guid(5606ed3b8d6b7cb46b045aabfc5a0da1) Importer(815301076,1909f56bfc062723c751e8b465ee728b)
Start importing Assets/Prefaps/Street_Carts/Bahnhof_N.prefab using Guid(5606ed3b8d6b7cb46b045aabfc5a0da1) Importer(815301076,1909f56bfc062723c751e8b465ee728b)  -> (artifact id: 'dda959d60c2efd5aac9757b0ef6a0809') in 0.106075 seconds
Number of updated asset objects reloaded before import = 0
Number of asset objects unloaded after import = 10
========================================================================
Received Import Request.
  Time since last request: 4.954929 seconds.
  path: Assets/Prefaps/Street_Carts/Bahnhof_O.prefab
  artifactKey: Guid(86da0f781f6c2094589db56bac892790) Importer(815301076,1909f56bfc062723c751e8b465ee728b)
Start importing Assets/Prefaps/Street_Carts/Bahnhof_O.prefab using Guid(86da0f781f6c2094589db56bac892790) Importer(815301076,1909f56bfc062723c751e8b465ee728b)  -> (artifact id: 'c76b5cd4973e032cd178d431aa03eb5b') in 0.014954 seconds
Number of updated asset objects reloaded before import = 0
Number of asset objects unloaded after import = 10
========================================================================
Received Import Request.
  Time since last request: 2.625791 seconds.
  path: Assets/Prefaps/Street_Carts/Bahnhof_S.prefab
  artifactKey: Guid(2e32650836b2cb64abda48ae77acfe2b) Importer(815301076,1909f56bfc062723c751e8b465ee728b)
Start importing Assets/Prefaps/Street_Carts/Bahnhof_S.prefab using Guid(2e32650836b2cb64abda48ae77acfe2b) Importer(815301076,1909f56bfc062723c751e8b465ee728b)  -> (artifact id: '877e086c3e1fddea4ab010b75d3676bb') in 0.013689 seconds
Number of updated asset objects reloaded before import = 0
Number of asset objects unloaded after import = 10
========================================================================
Received Import Request.
  Time since last request: 133.971877 seconds.
  path: Assets/Prefaps/Street_Carts/Bahnhof_N.prefab
  artifactKey: Guid(5606ed3b8d6b7cb46b045aabfc5a0da1) Importer(815301076,1909f56bfc062723c751e8b465ee728b)
Start importing Assets/Prefaps/Street_Carts/Bahnhof_N.prefab using Guid(5606ed3b8d6b7cb46b045aabfc5a0da1) Importer(815301076,1909f56bfc062723c751e8b465ee728b)  -> (artifact id: '0e2771f14168e4c1f928cd0898fce76d') in 0.008693 seconds
Number of updated asset objects reloaded before import = 0
Number of asset objects unloaded after import = 10
========================================================================
Received Import Request.
  Time since last request: 2.220641 seconds.
  path: Assets/Prefaps/Street_Carts/Bahnhof_O.prefab
  artifactKey: Guid(86da0f781f6c2094589db56bac892790) Importer(815301076,1909f56bfc062723c751e8b465ee728b)
Start importing Assets/Prefaps/Street_Carts/Bahnhof_O.prefab using Guid(86da0f781f6c2094589db56bac892790) Importer(815301076,1909f56bfc062723c751e8b465ee728b)  -> (artifact id: '9d768a9d258ef0c2c21282431e38406b') in 0.008846 seconds
Number of updated asset objects reloaded before import = 0
Number of asset objects unloaded after import = 10
========================================================================
Received Import Request.
  Time since last request: 5.242200 seconds.
  path: Assets/Prefaps/Street_Carts/Bahnhof_S.prefab
  artifactKey: Guid(2e32650836b2cb64abda48ae77acfe2b) Importer(815301076,1909f56bfc062723c751e8b465ee728b)
Start importing Assets/Prefaps/Street_Carts/Bahnhof_S.prefab using Guid(2e32650836b2cb64abda48ae77acfe2b) Importer(815301076,1909f56bfc062723c751e8b465ee728b)  -> (artifact id: '035e4b4ea737c029f7e2287b3fe1154a') in 0.008712 seconds
Number of updated asset objects reloaded before import = 0
Number of asset objects unloaded after import = 10
========================================================================
Received Import Request.
  Time since last request: 7.673089 seconds.
  path: Assets/Prefaps/Street_Carts/Bahnhof_W.prefab
  artifactKey: Guid(5534ff050d7204646a0bc797c75db492) Importer(815301076,1909f56bfc062723c751e8b465ee728b)
Start importing Assets/Prefaps/Street_Carts/Bahnhof_W.prefab using Guid(5534ff050d7204646a0bc797c75db492) Importer(815301076,1909f56bfc062723c751e8b465ee728b)  -> (artifact id: '29ac2fbafbf71172989932209a1c25ac') in 0.013063 seconds
Number of updated asset objects reloaded before import = 0
Number of asset objects unloaded after import = 10
========================================================================
Received Import Request.
  Time since last request: 7.259269 seconds.
  path: Assets/Prefaps/Street_Carts/Bahnhof_W.prefab
  artifactKey: Guid(5534ff050d7204646a0bc797c75db492) Importer(815301076,1909f56bfc062723c751e8b465ee728b)
Start importing Assets/Prefaps/Street_Carts/Bahnhof_W.prefab using Guid(5534ff050d7204646a0bc797c75db492) Importer(815301076,1909f56bfc062723c751e8b465ee728b)  -> (artifact id: '6285c5e04c949da383b836a446b088d7') in 0.008623 seconds
Number of updated asset objects reloaded before import = 0
Number of asset objects unloaded after import = 10
========================================================================
Received Import Request.
  Time since last request: 2.120477 seconds.
  path: Assets/Prefaps/Street_Carts/Braun_1.prefab
  artifactKey: Guid(04ef34d294d18e54aa0c4502846b57d7) Importer(815301076,1909f56bfc062723c751e8b465ee728b)
Start importing Assets/Prefaps/Street_Carts/Braun_1.prefab using Guid(04ef34d294d18e54aa0c4502846b57d7) Importer(815301076,1909f56bfc062723c751e8b465ee728b)  -> (artifact id: '875ef7833cd16dac6537af773893056f') in 0.015703 seconds
Number of updated asset objects reloaded before import = 0
Number of asset objects unloaded after import = 10
========================================================================
Received Import Request.
  Time since last request: 2.159447 seconds.
  path: Assets/Prefaps/Street_Carts/Braun_1.prefab
  artifactKey: Guid(04ef34d294d18e54aa0c4502846b57d7) Importer(815301076,1909f56bfc062723c751e8b465ee728b)
Start importing Assets/Prefaps/Street_Carts/Braun_1.prefab using Guid(04ef34d294d18e54aa0c4502846b57d7) Importer(815301076,1909f56bfc062723c751e8b465ee728b)  -> (artifact id: '3ec2e628c044a1ac07ce0f511f5e7932') in 0.009267 seconds
Number of updated asset objects reloaded before import = 0
Number of asset objects unloaded after import = 10
========================================================================
Received Import Request.
  Time since last request: 1.631390 seconds.
  path: Assets/Prefaps/Street_Carts/Braun_2.prefab
  artifactKey: Guid(2175a362cbff8e64cad991af76f9bb53) Importer(815301076,1909f56bfc062723c751e8b465ee728b)
Start importing Assets/Prefaps/Street_Carts/Braun_2.prefab using Guid(2175a362cbff8e64cad991af76f9bb53) Importer(815301076,1909f56bfc062723c751e8b465ee728b)  -> (artifact id: '35ef4f0b73a427a08e6b7bfb30c0ecf0') in 0.013295 seconds
Number of updated asset objects reloaded before import = 0
Number of asset objects unloaded after import = 10
========================================================================
Received Import Request.
  Time since last request: 2.771357 seconds.
  path: Assets/Prefaps/Street_Carts/Braun_2.prefab
  artifactKey: Guid(2175a362cbff8e64cad991af76f9bb53) Importer(815301076,1909f56bfc062723c751e8b465ee728b)
Start importing Assets/Prefaps/Street_Carts/Braun_2.prefab using Guid(2175a362cbff8e64cad991af76f9bb53) Importer(815301076,1909f56bfc062723c751e8b465ee728b)  -> (artifact id: 'd17fb66a99cbfe5239a7dc4173b1a340') in 0.008959 seconds
Number of updated asset objects reloaded before import = 0
Number of asset objects unloaded after import = 10
========================================================================
Received Import Request.
  Time since last request: 1.535204 seconds.
  path: Assets/Prefaps/Street_Carts/Dunkelblau_1.prefab
  artifactKey: Guid(a103d55f825b0624cbb39568e2270485) Importer(815301076,1909f56bfc062723c751e8b465ee728b)
Start importing Assets/Prefaps/Street_Carts/Dunkelblau_1.prefab using Guid(a103d55f825b0624cbb39568e2270485) Importer(815301076,1909f56bfc062723c751e8b465ee728b)  -> (artifact id: 'c7c006e724d23cc578a0713b26193eee') in 0.012979 seconds
Number of updated asset objects reloaded before import = 0
Number of asset objects unloaded after import = 10
========================================================================
Received Import Request.
  Time since last request: 2.542378 seconds.
  path: Assets/Prefaps/Street_Carts/Dunkelblau_1.prefab
  artifactKey: Guid(a103d55f825b0624cbb39568e2270485) Importer(815301076,1909f56bfc062723c751e8b465ee728b)
Start importing Assets/Prefaps/Street_Carts/Dunkelblau_1.prefab using Guid(a103d55f825b0624cbb39568e2270485) Importer(815301076,1909f56bfc062723c751e8b465ee728b)  -> (artifact id: '0d622534bdb1a338fc657634a1e81167') in 0.009941 seconds
Number of updated asset objects reloaded before import = 0
Number of asset objects unloaded after import = 10
========================================================================
Received Import Request.
  Time since last request: 1.791534 seconds.
  path: Assets/Prefaps/Street_Carts/Dunkelblau_2.prefab
  artifactKey: Guid(0c5986a7fc260084786d89113afb4d8d) Importer(815301076,1909f56bfc062723c751e8b465ee728b)
Start importing Assets/Prefaps/Street_Carts/Dunkelblau_2.prefab using Guid(0c5986a7fc260084786d89113afb4d8d) Importer(815301076,1909f56bfc062723c751e8b465ee728b)  -> (artifact id: '4c743dca5fda3e93e101b60341ed6d73') in 0.013445 seconds
Number of updated asset objects reloaded before import = 0
Number of asset objects unloaded after import = 10
========================================================================
Received Import Request.
  Time since last request: 2.800277 seconds.
  path: Assets/Prefaps/Street_Carts/Dunkelblau_2.prefab
  artifactKey: Guid(0c5986a7fc260084786d89113afb4d8d) Importer(815301076,1909f56bfc062723c751e8b465ee728b)
Start importing Assets/Prefaps/Street_Carts/Dunkelblau_2.prefab using Guid(0c5986a7fc260084786d89113afb4d8d) Importer(815301076,1909f56bfc062723c751e8b465ee728b)  -> (artifact id: 'c5d919ef9669154237752a17fb9cc124') in 0.009670 seconds
Number of updated asset objects reloaded before import = 0
Number of asset objects unloaded after import = 10
========================================================================
Received Import Request.
  Time since last request: 3.701641 seconds.
  path: Assets/Prefaps/Street_Carts/Elekto.prefab
  artifactKey: Guid(a35d9cb485c711549a1fecce8411a298) Importer(815301076,1909f56bfc062723c751e8b465ee728b)
Start importing Assets/Prefaps/Street_Carts/Elekto.prefab using Guid(a35d9cb485c711549a1fecce8411a298) Importer(815301076,1909f56bfc062723c751e8b465ee728b)  -> (artifact id: '1360da8c4cebbb00ae76a64e24d4c9fa') in 0.014113 seconds
Number of updated asset objects reloaded before import = 0
Number of asset objects unloaded after import = 10
========================================================================
Received Import Request.
  Time since last request: 9.707770 seconds.
  path: Assets/Prefaps/Street_Carts/Elekto.prefab
  artifactKey: Guid(a35d9cb485c711549a1fecce8411a298) Importer(815301076,1909f56bfc062723c751e8b465ee728b)
Start importing Assets/Prefaps/Street_Carts/Elekto.prefab using Guid(a35d9cb485c711549a1fecce8411a298) Importer(815301076,1909f56bfc062723c751e8b465ee728b)  -> (artifact id: '266bbe2719808bcc3dbbc5a87481d76f') in 0.009664 seconds
Number of updated asset objects reloaded before import = 0
Number of asset objects unloaded after import = 10
========================================================================
Received Import Request.
  Time since last request: 6.326901 seconds.
  path: Assets/Prefaps/Street_Carts/Gelb_1.prefab
  artifactKey: Guid(9133f6ca51df3134aba18d1e26f8edbd) Importer(815301076,1909f56bfc062723c751e8b465ee728b)
Start importing Assets/Prefaps/Street_Carts/Gelb_1.prefab using Guid(9133f6ca51df3134aba18d1e26f8edbd) Importer(815301076,1909f56bfc062723c751e8b465ee728b)  -> (artifact id: 'fb5e3a1df05c5f0dadaa51f4d527af61') in 0.014435 seconds
Number of updated asset objects reloaded before import = 0
Number of asset objects unloaded after import = 10
========================================================================
Received Import Request.
  Time since last request: 2.340130 seconds.
  path: Assets/Prefaps/Street_Carts/Gelb_1.prefab
  artifactKey: Guid(9133f6ca51df3134aba18d1e26f8edbd) Importer(815301076,1909f56bfc062723c751e8b465ee728b)
Start importing Assets/Prefaps/Street_Carts/Gelb_1.prefab using Guid(9133f6ca51df3134aba18d1e26f8edbd) Importer(815301076,1909f56bfc062723c751e8b465ee728b)  -> (artifact id: '87e4e564265a9eee6bcb2903996aa0aa') in 0.008474 seconds
Number of updated asset objects reloaded before import = 0
Number of asset objects unloaded after import = 10
========================================================================
Received Import Request.
  Time since last request: 1.850745 seconds.
  path: Assets/Prefaps/Street_Carts/Gelb_2.prefab
  artifactKey: Guid(05a6ff7590a38aa47b9585a669eec614) Importer(815301076,1909f56bfc062723c751e8b465ee728b)
Start importing Assets/Prefaps/Street_Carts/Gelb_2.prefab using Guid(05a6ff7590a38aa47b9585a669eec614) Importer(815301076,1909f56bfc062723c751e8b465ee728b)  -> (artifact id: '7bc2ba610f96865698315ee0ee21855a') in 0.014229 seconds
Number of updated asset objects reloaded before import = 0
Number of asset objects unloaded after import = 10
========================================================================
Received Import Request.
  Time since last request: 2.051081 seconds.
  path: Assets/Prefaps/Street_Carts/Gelb_2.prefab
  artifactKey: Guid(05a6ff7590a38aa47b9585a669eec614) Importer(815301076,1909f56bfc062723c751e8b465ee728b)
Start importing Assets/Prefaps/Street_Carts/Gelb_2.prefab using Guid(05a6ff7590a38aa47b9585a669eec614) Importer(815301076,1909f56bfc062723c751e8b465ee728b)  -> (artifact id: '3a6e1a8ad19ca4d245c94697ffb74653') in 0.008088 seconds
Number of updated asset objects reloaded before import = 0
Number of asset objects unloaded after import = 10
========================================================================
Received Import Request.
  Time since last request: 1.657173 seconds.
  path: Assets/Prefaps/Street_Carts/Gelb_3.prefab
  artifactKey: Guid(d11bf55b5a1723f4f8ac99ef6f4fb6e3) Importer(815301076,1909f56bfc062723c751e8b465ee728b)
Start importing Assets/Prefaps/Street_Carts/Gelb_3.prefab using Guid(d11bf55b5a1723f4f8ac99ef6f4fb6e3) Importer(815301076,1909f56bfc062723c751e8b465ee728b)  -> (artifact id: '27121ff2f7a5bea99d41e2462f109501') in 0.013716 seconds
Number of updated asset objects reloaded before import = 0
Number of asset objects unloaded after import = 10
========================================================================
Received Import Request.
  Time since last request: 2.671537 seconds.
  path: Assets/Prefaps/Street_Carts/Gelb_3.prefab
  artifactKey: Guid(d11bf55b5a1723f4f8ac99ef6f4fb6e3) Importer(815301076,1909f56bfc062723c751e8b465ee728b)
Start importing Assets/Prefaps/Street_Carts/Gelb_3.prefab using Guid(d11bf55b5a1723f4f8ac99ef6f4fb6e3) Importer(815301076,1909f56bfc062723c751e8b465ee728b)  -> (artifact id: '2b198bf8316668b077816769bfb75c66') in 0.009274 seconds
Number of updated asset objects reloaded before import = 0
Number of asset objects unloaded after import = 10
========================================================================
Received Import Request.
  Time since last request: 3.809956 seconds.
  path: Assets/Prefaps/Street_Carts/Grün_1.prefab
  artifactKey: Guid(5994dc8b15e217f48a965b4990d7618d) Importer(815301076,1909f56bfc062723c751e8b465ee728b)
Start importing Assets/Prefaps/Street_Carts/Grün_1.prefab using Guid(5994dc8b15e217f48a965b4990d7618d) Importer(815301076,1909f56bfc062723c751e8b465ee728b)  -> (artifact id: '8e307745727b9fa13abe4e8ec86cc30e') in 0.013719 seconds
Number of updated asset objects reloaded before import = 0
Number of asset objects unloaded after import = 10
========================================================================
Received Import Request.
  Time since last request: 2.228819 seconds.
  path: Assets/Prefaps/Street_Carts/Grün_1.prefab
  artifactKey: Guid(5994dc8b15e217f48a965b4990d7618d) Importer(815301076,1909f56bfc062723c751e8b465ee728b)
Start importing Assets/Prefaps/Street_Carts/Grün_1.prefab using Guid(5994dc8b15e217f48a965b4990d7618d) Importer(815301076,1909f56bfc062723c751e8b465ee728b)  -> (artifact id: 'e067c212408583020548ad25401c8291') in 0.009745 seconds
Number of updated asset objects reloaded before import = 0
Number of asset objects unloaded after import = 10
========================================================================
Received Import Request.
  Time since last request: 1.473078 seconds.
  path: Assets/Prefaps/Street_Carts/Grün_2.prefab
  artifactKey: Guid(d256dab53997fbe48a43e35ce9a211df) Importer(815301076,1909f56bfc062723c751e8b465ee728b)
Start importing Assets/Prefaps/Street_Carts/Grün_2.prefab using Guid(d256dab53997fbe48a43e35ce9a211df) Importer(815301076,1909f56bfc062723c751e8b465ee728b)  -> (artifact id: 'b491b209e4b33d1f0da77f48e4f9c70f') in 0.013477 seconds
Number of updated asset objects reloaded before import = 0
Number of asset objects unloaded after import = 10
========================================================================
Received Import Request.
  Time since last request: 1.900875 seconds.
  path: Assets/Prefaps/Street_Carts/Grün_2.prefab
  artifactKey: Guid(d256dab53997fbe48a43e35ce9a211df) Importer(815301076,1909f56bfc062723c751e8b465ee728b)
Start importing Assets/Prefaps/Street_Carts/Grün_2.prefab using Guid(d256dab53997fbe48a43e35ce9a211df) Importer(815301076,1909f56bfc062723c751e8b465ee728b)  -> (artifact id: '20fb5214dadd841b30b498fe5c510037') in 0.008078 seconds
Number of updated asset objects reloaded before import = 0
Number of asset objects unloaded after import = 10
========================================================================
Received Import Request.
  Time since last request: 1.349323 seconds.
  path: Assets/Prefaps/Street_Carts/Grün_3.prefab
  artifactKey: Guid(9c1aaca21aed0ab45854f37745a8280e) Importer(815301076,1909f56bfc062723c751e8b465ee728b)
Start importing Assets/Prefaps/Street_Carts/Grün_3.prefab using Guid(9c1aaca21aed0ab45854f37745a8280e) Importer(815301076,1909f56bfc062723c751e8b465ee728b)  -> (artifact id: 'be4dc86a4069478e7eec65c940b29dbb') in 0.013370 seconds
Number of updated asset objects reloaded before import = 0
Number of asset objects unloaded after import = 10
========================================================================
Received Import Request.
  Time since last request: 1.888779 seconds.
  path: Assets/Prefaps/Street_Carts/Grün_3.prefab
  artifactKey: Guid(9c1aaca21aed0ab45854f37745a8280e) Importer(815301076,1909f56bfc062723c751e8b465ee728b)
Start importing Assets/Prefaps/Street_Carts/Grün_3.prefab using Guid(9c1aaca21aed0ab45854f37745a8280e) Importer(815301076,1909f56bfc062723c751e8b465ee728b)  -> (artifact id: '568ca06cb147f157469180e4dcb02932') in 0.008867 seconds
Number of updated asset objects reloaded before import = 0
Number of asset objects unloaded after import = 10
========================================================================
Received Import Request.
  Time since last request: 3.623126 seconds.
  path: Assets/Prefaps/Street_Carts/Hellblau_1.prefab
  artifactKey: Guid(b6107f9ec37a954469f6e96f85ec16b3) Importer(815301076,1909f56bfc062723c751e8b465ee728b)
Start importing Assets/Prefaps/Street_Carts/Hellblau_1.prefab using Guid(b6107f9ec37a954469f6e96f85ec16b3) Importer(815301076,1909f56bfc062723c751e8b465ee728b)  -> (artifact id: 'c949ac7b82484a686c2b0ecb5ac2a08a') in 0.013242 seconds
Number of updated asset objects reloaded before import = 0
Number of asset objects unloaded after import = 10
========================================================================
Received Import Request.
  Time since last request: 1.623141 seconds.
  path: Assets/Prefaps/Street_Carts/Hellblau_1.prefab
  artifactKey: Guid(b6107f9ec37a954469f6e96f85ec16b3) Importer(815301076,1909f56bfc062723c751e8b465ee728b)
Start importing Assets/Prefaps/Street_Carts/Hellblau_1.prefab using Guid(b6107f9ec37a954469f6e96f85ec16b3) Importer(815301076,1909f56bfc062723c751e8b465ee728b)  -> (artifact id: '4a4136c5fcfdac901334c30e12664778') in 0.009472 seconds
Number of updated asset objects reloaded before import = 0
Number of asset objects unloaded after import = 10
========================================================================
Received Import Request.
  Time since last request: 1.277969 seconds.
  path: Assets/Prefaps/Street_Carts/Hellblau_2.prefab
  artifactKey: Guid(b56a68e74f1f38647b82fa58d3357807) Importer(815301076,1909f56bfc062723c751e8b465ee728b)
Start importing Assets/Prefaps/Street_Carts/Hellblau_2.prefab using Guid(b56a68e74f1f38647b82fa58d3357807) Importer(815301076,1909f56bfc062723c751e8b465ee728b)  -> (artifact id: '9784a858074a023b707beab18a3f544d') in 0.013310 seconds
Number of updated asset objects reloaded before import = 0
Number of asset objects unloaded after import = 10
========================================================================
Received Import Request.
  Time since last request: 1.887850 seconds.
  path: Assets/Prefaps/Street_Carts/Hellblau_2.prefab
  artifactKey: Guid(b56a68e74f1f38647b82fa58d3357807) Importer(815301076,1909f56bfc062723c751e8b465ee728b)
Start importing Assets/Prefaps/Street_Carts/Hellblau_2.prefab using Guid(b56a68e74f1f38647b82fa58d3357807) Importer(815301076,1909f56bfc062723c751e8b465ee728b)  -> (artifact id: '3da0d2c4dee6c0c58bdeb20d03d849a5') in 0.007739 seconds
Number of updated asset objects reloaded before import = 0
Number of asset objects unloaded after import = 10
========================================================================
Received Import Request.
  Time since last request: 1.530180 seconds.
  path: Assets/Prefaps/Street_Carts/Hellblau_3.prefab
  artifactKey: Guid(0527eac984f79854eb8268e7b448e0a6) Importer(815301076,1909f56bfc062723c751e8b465ee728b)
Start importing Assets/Prefaps/Street_Carts/Hellblau_3.prefab using Guid(0527eac984f79854eb8268e7b448e0a6) Importer(815301076,1909f56bfc062723c751e8b465ee728b)  -> (artifact id: '6d53713bb17b5573899387192aef5768') in 0.013662 seconds
Number of updated asset objects reloaded before import = 0
Number of asset objects unloaded after import = 10
========================================================================
Received Import Request.
  Time since last request: 2.033207 seconds.
  path: Assets/Prefaps/Street_Carts/Hellblau_3.prefab
  artifactKey: Guid(0527eac984f79854eb8268e7b448e0a6) Importer(815301076,1909f56bfc062723c751e8b465ee728b)
Start importing Assets/Prefaps/Street_Carts/Hellblau_3.prefab using Guid(0527eac984f79854eb8268e7b448e0a6) Importer(815301076,1909f56bfc062723c751e8b465ee728b)  -> (artifact id: 'e680c36b14870da0d6e33d22d98367b5') in 0.008548 seconds
Number of updated asset objects reloaded before import = 0
Number of asset objects unloaded after import = 10
========================================================================
Received Import Request.
  Time since last request: 4.301884 seconds.
  path: Assets/Prefaps/Street_Carts/Orange_1.prefab
  artifactKey: Guid(8afb1aef2c8be3a439ac04dfc64c6605) Importer(815301076,1909f56bfc062723c751e8b465ee728b)
Start importing Assets/Prefaps/Street_Carts/Orange_1.prefab using Guid(8afb1aef2c8be3a439ac04dfc64c6605) Importer(815301076,1909f56bfc062723c751e8b465ee728b)  -> (artifact id: '0aad716a0c286cce1a524f98b296aff7') in 0.013140 seconds
Number of updated asset objects reloaded before import = 0
Number of asset objects unloaded after import = 10
========================================================================
Received Import Request.
  Time since last request: 1.638150 seconds.
  path: Assets/Prefaps/Street_Carts/Orange_1.prefab
  artifactKey: Guid(8afb1aef2c8be3a439ac04dfc64c6605) Importer(815301076,1909f56bfc062723c751e8b465ee728b)
Start importing Assets/Prefaps/Street_Carts/Orange_1.prefab using Guid(8afb1aef2c8be3a439ac04dfc64c6605) Importer(815301076,1909f56bfc062723c751e8b465ee728b)  -> (artifact id: '41512e1db0ccc787672e365d0966d42e') in 0.009206 seconds
Number of updated asset objects reloaded before import = 0
Number of asset objects unloaded after import = 10
========================================================================
Received Import Request.
  Time since last request: 1.370148 seconds.
  path: Assets/Prefaps/Street_Carts/Orange_2.prefab
  artifactKey: Guid(682bf4e8320fcae47bf9a1604fd67d65) Importer(815301076,1909f56bfc062723c751e8b465ee728b)
Start importing Assets/Prefaps/Street_Carts/Orange_2.prefab using Guid(682bf4e8320fcae47bf9a1604fd67d65) Importer(815301076,1909f56bfc062723c751e8b465ee728b)  -> (artifact id: 'ca0eed597cdbae41652318a284981a6b') in 0.014175 seconds
Number of updated asset objects reloaded before import = 0
Number of asset objects unloaded after import = 10
========================================================================
Received Import Request.
  Time since last request: 1.467825 seconds.
  path: Assets/Prefaps/Street_Carts/Orange_2.prefab
  artifactKey: Guid(682bf4e8320fcae47bf9a1604fd67d65) Importer(815301076,1909f56bfc062723c751e8b465ee728b)
Start importing Assets/Prefaps/Street_Carts/Orange_2.prefab using Guid(682bf4e8320fcae47bf9a1604fd67d65) Importer(815301076,1909f56bfc062723c751e8b465ee728b)  -> (artifact id: 'c18f46290e0ad2cb4e95174ad8fb0829') in 0.009605 seconds
Number of updated asset objects reloaded before import = 0
Number of asset objects unloaded after import = 10
========================================================================
Received Import Request.
  Time since last request: 1.500051 seconds.
  path: Assets/Prefaps/Street_Carts/Orange_3.prefab
  artifactKey: Guid(9bc6c7563ed03df469a80254eaf6e6dd) Importer(815301076,1909f56bfc062723c751e8b465ee728b)
Start importing Assets/Prefaps/Street_Carts/Orange_3.prefab using Guid(9bc6c7563ed03df469a80254eaf6e6dd) Importer(815301076,1909f56bfc062723c751e8b465ee728b)  -> (artifact id: '4fb4b1bf8ecc32fc126b6ad71e41f89a') in 0.013312 seconds
Number of updated asset objects reloaded before import = 0
Number of asset objects unloaded after import = 10
========================================================================
Received Import Request.
  Time since last request: 1.760565 seconds.
  path: Assets/Prefaps/Street_Carts/Orange_3.prefab
  artifactKey: Guid(9bc6c7563ed03df469a80254eaf6e6dd) Importer(815301076,1909f56bfc062723c751e8b465ee728b)
Start importing Assets/Prefaps/Street_Carts/Orange_3.prefab using Guid(9bc6c7563ed03df469a80254eaf6e6dd) Importer(815301076,1909f56bfc062723c751e8b465ee728b)  -> (artifact id: 'f1f24074e03598737c02c14802a37dd7') in 0.012136 seconds
Number of updated asset objects reloaded before import = 0
Number of asset objects unloaded after import = 10
========================================================================
Received Import Request.
  Time since last request: 1.751624 seconds.
  path: Assets/Prefaps/Street_Carts/Pink_1.prefab
  artifactKey: Guid(11b30cd2e514ac14a85f6f2c79209805) Importer(815301076,1909f56bfc062723c751e8b465ee728b)
Start importing Assets/Prefaps/Street_Carts/Pink_1.prefab using Guid(11b30cd2e514ac14a85f6f2c79209805) Importer(815301076,1909f56bfc062723c751e8b465ee728b)  -> (artifact id: 'dc4d618ffa111e87af246fd577f76abc') in 0.014720 seconds
Number of updated asset objects reloaded before import = 0
Number of asset objects unloaded after import = 10
========================================================================
Received Import Request.
  Time since last request: 1.636353 seconds.
  path: Assets/Prefaps/Street_Carts/Pink_1.prefab
  artifactKey: Guid(11b30cd2e514ac14a85f6f2c79209805) Importer(815301076,1909f56bfc062723c751e8b465ee728b)
Start importing Assets/Prefaps/Street_Carts/Pink_1.prefab using Guid(11b30cd2e514ac14a85f6f2c79209805) Importer(815301076,1909f56bfc062723c751e8b465ee728b)  -> (artifact id: 'a7238bb9189b82f5a34225d1fbaac359') in 0.007728 seconds
Number of updated asset objects reloaded before import = 0
Number of asset objects unloaded after import = 10
========================================================================
Received Import Request.
  Time since last request: 1.856619 seconds.
  path: Assets/Prefaps/Street_Carts/Pink_2.prefab
  artifactKey: Guid(d0b0f1817e864434f8d6b2757597bbdd) Importer(815301076,1909f56bfc062723c751e8b465ee728b)
Start importing Assets/Prefaps/Street_Carts/Pink_2.prefab using Guid(d0b0f1817e864434f8d6b2757597bbdd) Importer(815301076,1909f56bfc062723c751e8b465ee728b)  -> (artifact id: '2ce4f78396681a6a36eb4fded2f51ddc') in 0.015020 seconds
Number of updated asset objects reloaded before import = 0
Number of asset objects unloaded after import = 10
========================================================================
Received Import Request.
  Time since last request: 1.609246 seconds.
  path: Assets/Prefaps/Street_Carts/Pink_2.prefab
  artifactKey: Guid(d0b0f1817e864434f8d6b2757597bbdd) Importer(815301076,1909f56bfc062723c751e8b465ee728b)
Start importing Assets/Prefaps/Street_Carts/Pink_2.prefab using Guid(d0b0f1817e864434f8d6b2757597bbdd) Importer(815301076,1909f56bfc062723c751e8b465ee728b)  -> (artifact id: '8939575ee5e5a9dc88f498ca0f2e8f59') in 0.008678 seconds
Number of updated asset objects reloaded before import = 0
Number of asset objects unloaded after import = 10
========================================================================
Received Import Request.
  Time since last request: 2.132802 seconds.
  path: Assets/Prefaps/Street_Carts/Pink_3.prefab
  artifactKey: Guid(0325aa5c0821679488b9cded13d4dde9) Importer(815301076,1909f56bfc062723c751e8b465ee728b)
Start importing Assets/Prefaps/Street_Carts/Pink_3.prefab using Guid(0325aa5c0821679488b9cded13d4dde9) Importer(815301076,1909f56bfc062723c751e8b465ee728b)  -> (artifact id: 'a6dec719b70e5f0644d4090a9efac36a') in 0.012920 seconds
Number of updated asset objects reloaded before import = 0
Number of asset objects unloaded after import = 10
========================================================================
Received Import Request.
  Time since last request: 3.313880 seconds.
  path: Assets/Prefaps/Street_Carts/Pink_3.prefab
  artifactKey: Guid(0325aa5c0821679488b9cded13d4dde9) Importer(815301076,1909f56bfc062723c751e8b465ee728b)
Start importing Assets/Prefaps/Street_Carts/Pink_3.prefab using Guid(0325aa5c0821679488b9cded13d4dde9) Importer(815301076,1909f56bfc062723c751e8b465ee728b)  -> (artifact id: '71324860e7c77ac4686e1f6d398899d2') in 0.008076 seconds
Number of updated asset objects reloaded before import = 0
Number of asset objects unloaded after import = 10
========================================================================
Received Import Request.
  Time since last request: 2.551608 seconds.
  path: Assets/Prefaps/Street_Carts/Rot_1.prefab
  artifactKey: Guid(bb2669c5e9066934297695c0d1619533) Importer(815301076,1909f56bfc062723c751e8b465ee728b)
Start importing Assets/Prefaps/Street_Carts/Rot_1.prefab using Guid(bb2669c5e9066934297695c0d1619533) Importer(815301076,1909f56bfc062723c751e8b465ee728b)  -> (artifact id: 'd269acca6c07e5662ead1dcbe5b8daf1') in 0.014193 seconds
Number of updated asset objects reloaded before import = 0
Number of asset objects unloaded after import = 10
========================================================================
Received Import Request.
  Time since last request: 6.227369 seconds.
  path: Assets/Prefaps/Street_Carts/Rot_1.prefab
  artifactKey: Guid(bb2669c5e9066934297695c0d1619533) Importer(815301076,1909f56bfc062723c751e8b465ee728b)
Start importing Assets/Prefaps/Street_Carts/Rot_1.prefab using Guid(bb2669c5e9066934297695c0d1619533) Importer(815301076,1909f56bfc062723c751e8b465ee728b)  -> (artifact id: '5d86d2e6a32141acafe105d1a170802a') in 0.008334 seconds
Number of updated asset objects reloaded before import = 0
Number of asset objects unloaded after import = 10
========================================================================
Received Import Request.
  Time since last request: 2.252540 seconds.
  path: Assets/Prefaps/Street_Carts/Rot_2.prefab
  artifactKey: Guid(24afe959b44797a409eb751dfc2c3f23) Importer(815301076,1909f56bfc062723c751e8b465ee728b)
Start importing Assets/Prefaps/Street_Carts/Rot_2.prefab using Guid(24afe959b44797a409eb751dfc2c3f23) Importer(815301076,1909f56bfc062723c751e8b465ee728b)  -> (artifact id: '3ac55d0b2d434441c55940f60cd3efb8') in 0.013580 seconds
Number of updated asset objects reloaded before import = 0
Number of asset objects unloaded after import = 10
========================================================================
Received Import Request.
  Time since last request: 2.112540 seconds.
  path: Assets/Prefaps/Street_Carts/Rot_2.prefab
  artifactKey: Guid(24afe959b44797a409eb751dfc2c3f23) Importer(815301076,1909f56bfc062723c751e8b465ee728b)
Start importing Assets/Prefaps/Street_Carts/Rot_2.prefab using Guid(24afe959b44797a409eb751dfc2c3f23) Importer(815301076,1909f56bfc062723c751e8b465ee728b)  -> (artifact id: 'cf139d7fe484ab3416a3a32091c7d4a1') in 0.009303 seconds
Number of updated asset objects reloaded before import = 0
Number of asset objects unloaded after import = 10
========================================================================
Received Import Request.
  Time since last request: 1.364009 seconds.
  path: Assets/Prefaps/Street_Carts/Rot_3.prefab
  artifactKey: Guid(a18403d3d807a424995631dfabea6c33) Importer(815301076,1909f56bfc062723c751e8b465ee728b)
Start importing Assets/Prefaps/Street_Carts/Rot_3.prefab using Guid(a18403d3d807a424995631dfabea6c33) Importer(815301076,1909f56bfc062723c751e8b465ee728b)  -> (artifact id: '3b3b2182ac964906520f74454e851f2d') in 0.013414 seconds
Number of updated asset objects reloaded before import = 0
Number of asset objects unloaded after import = 10
========================================================================
Received Import Request.
  Time since last request: 1.863795 seconds.
  path: Assets/Prefaps/Street_Carts/Rot_3.prefab
  artifactKey: Guid(a18403d3d807a424995631dfabea6c33) Importer(815301076,1909f56bfc062723c751e8b465ee728b)
Start importing Assets/Prefaps/Street_Carts/Rot_3.prefab using Guid(a18403d3d807a424995631dfabea6c33) Importer(815301076,1909f56bfc062723c751e8b465ee728b)  -> (artifact id: '7ba073dab49353127659008b9df64eb2') in 0.008208 seconds
Number of updated asset objects reloaded before import = 0
Number of asset objects unloaded after import = 10
========================================================================
Received Import Request.
  Time since last request: 6.718833 seconds.
  path: Assets/Prefaps/Street_Carts/Wasser.prefab
  artifactKey: Guid(39ee45148f9c0cc46b605f85871de743) Importer(815301076,1909f56bfc062723c751e8b465ee728b)
Start importing Assets/Prefaps/Street_Carts/Wasser.prefab using Guid(39ee45148f9c0cc46b605f85871de743) Importer(815301076,1909f56bfc062723c751e8b465ee728b)  -> (artifact id: 'aab54794b214201c975f514b4303beb7') in 0.013090 seconds
Number of updated asset objects reloaded before import = 0
Number of asset objects unloaded after import = 10
========================================================================
Received Import Request.
  Time since last request: 1.708535 seconds.
  path: Assets/Prefaps/Street_Carts/Wasser.prefab
  artifactKey: Guid(39ee45148f9c0cc46b605f85871de743) Importer(815301076,1909f56bfc062723c751e8b465ee728b)
Start importing Assets/Prefaps/Street_Carts/Wasser.prefab using Guid(39ee45148f9c0cc46b605f85871de743) Importer(815301076,1909f56bfc062723c751e8b465ee728b)  -> (artifact id: 'f20e10d0432c2ddad497e8ed92287a14') in 0.007660 seconds
Number of updated asset objects reloaded before import = 0
Number of asset objects unloaded after import = 10
========================================================================
Received Prepare
Begin MonoManager ReloadAssembly
Symbol file LoadedFromMemory is not a mono symbol file
- Loaded All Assemblies, in  0.582 seconds
Refreshing native plugins compatible for Editor in 5.51 ms, found 3 plugins.
Native extension for WindowsStandalone target not found
[Package Manager] Server::EnsureServerProcessIsRunning -- launch failed, reason: Unity was launched with the -noUpm command-line argument
[Package Manager] UpmClient::Send -- Unable to send message (not connected to UPM process).
[Package Manager] Cannot connect to Unity Package Manager local server
Mono: successfully reloaded assembly
[Package Manager] Server::EnsureServerProcessIsRunning -- launch failed, reason: Unity was launched with the -noUpm command-line argument
[Package Manager] UpmClient::Send -- Unable to send message (not connected to UPM process).
[Package Manager] Cannot connect to Unity Package Manager local server
- Finished resetting the current domain, in  1.260 seconds
Domain Reload Profiling: 1835ms
	BeginReloadAssembly (186ms)
		ExecutionOrderSort (0ms)
		DisableScriptedObjects (6ms)
		BackupInstance (0ms)
		ReleaseScriptingObjects (0ms)
		CreateAndSetChildDomain (46ms)
	RebuildCommonClasses (33ms)
	RebuildNativeTypeToScriptingClass (11ms)
	initialDomainReloadingComplete (34ms)
	LoadAllAssembliesAndSetupDomain (311ms)
		LoadAssemblies (390ms)
		RebuildTransferFunctionScriptingTraits (0ms)
		AnalyzeDomain (22ms)
			TypeCache.Refresh (9ms)
				TypeCache.ScanAssembly (1ms)
			ScanForSourceGeneratedMonoScriptInfo (7ms)
			ResolveRequiredComponents (4ms)
	FinalizeReload (1261ms)
		ReleaseScriptCaches (0ms)
		RebuildScriptCaches (0ms)
		SetupLoadedEditorAssemblies (664ms)
			LogAssemblyErrors (0ms)
			InitializePlatformSupportModulesInManaged (8ms)
			SetLoadedEditorAssemblies (6ms)
			RefreshPlugins (0ms)
			BeforeProcessingInitializeOnLoad (98ms)
			ProcessInitializeOnLoadAttributes (514ms)
			ProcessInitializeOnLoadMethodAttributes (26ms)
			AfterProcessingInitializeOnLoad (12ms)
			EditorAssembliesLoaded (1ms)
		ExecutionOrderSort2 (0ms)
		AwakeInstancesAfterBackupRestoration (7ms)
Refreshing native plugins compatible for Editor in 5.36 ms, found 3 plugins.
Preloading 0 native plugins for Editor in 0.00 ms.
Unloading 3298 Unused Serialized files (Serialized files now loaded: 0)
Unloading 28 unused Assets / (33.7 KB). Loaded Objects now: 3802.
Memory consumption went from 139.7 MB to 139.6 MB.
Total: 3.142200 ms (FindLiveObjects: 0.276300 ms CreateObjectMapping: 0.094600 ms MarkObjects: 2.708000 ms  DeleteObjects: 0.062100 ms)

Prepare: number of updated asset objects reloaded= 0
AssetImportParameters requested are different than current active one (requested -> active):
  custom:container-demuxer-ogg: 62fdf1f143b41e24485cea50d1cbac27 -> 
  custom:video-decoder-ogg-theora: a1e56fd34408186e4bbccfd4996cb3dc -> 
  custom:framework-win-MediaFoundation: 216162199b28c13a410421893ffa2e32 -> 
  custom:CustomObjectIndexerAttribute: 756ad292c208cfabdd7b50bc23989ffe -> 
  custom:container-demuxer-webm: 4f35f7cbe854078d1ac9338744f61a02 -> 
  custom:container-muxer-webm: aa71ff27fc2769a1b78a27578f13a17b -> 
  custom:video-decoder-webm-vp8: 9c59270c3fd7afecdb556c50c9e8de78 -> 
  custom:SearchIndexIgnoredProperties: e643bd26f0fe6173181afceb89e7c659 -> 
  custom:AudioImporter_EditorPlatform: d09bf68614088b80899f8185d706f6e7 -> 
  custom:video-encoder-webm-vp8: eb34c28f22e8b96e1ab97ce403110664 -> 
  custom:audio-decoder-ogg-vorbis: bf7c407c2cedff20999df2af8eb42d56 -> 
  custom:audio-encoder-webm-vorbis: bf7c407c2cedff20999df2af8eb42d56 -> 
========================================================================
Received Prepare
Begin MonoManager ReloadAssembly
Symbol file LoadedFromMemory is not a mono symbol file
- Loaded All Assemblies, in  0.624 seconds
Refreshing native plugins compatible for Editor in 8.21 ms, found 3 plugins.
Native extension for WindowsStandalone target not found
[Package Manager] Server::EnsureServerProcessIsRunning -- launch failed, reason: Unity was launched with the -noUpm command-line argument
[Package Manager] UpmClient::Send -- Unable to send message (not connected to UPM process).
[Package Manager] Cannot connect to Unity Package Manager local server
Mono: successfully reloaded assembly
[Package Manager] Server::EnsureServerProcessIsRunning -- launch failed, reason: Unity was launched with the -noUpm command-line argument
[Package Manager] UpmClient::Send -- Unable to send message (not connected to UPM process).
[Package Manager] Cannot connect to Unity Package Manager local server
- Finished resetting the current domain, in  1.129 seconds
Domain Reload Profiling: 1747ms
	BeginReloadAssembly (184ms)
		ExecutionOrderSort (0ms)
		DisableScriptedObjects (6ms)
		BackupInstance (0ms)
		ReleaseScriptingObjects (0ms)
		CreateAndSetChildDomain (46ms)
	RebuildCommonClasses (44ms)
	RebuildNativeTypeToScriptingClass (11ms)
	initialDomainReloadingComplete (46ms)
	LoadAllAssembliesAndSetupDomain (333ms)
		LoadAssemblies (401ms)
		RebuildTransferFunctionScriptingTraits (0ms)
		AnalyzeDomain (29ms)
			TypeCache.Refresh (9ms)
				TypeCache.ScanAssembly (1ms)
			ScanForSourceGeneratedMonoScriptInfo (11ms)
			ResolveRequiredComponents (6ms)
	FinalizeReload (1129ms)
		ReleaseScriptCaches (0ms)
		RebuildScriptCaches (0ms)
		SetupLoadedEditorAssemblies (601ms)
			LogAssemblyErrors (0ms)
			InitializePlatformSupportModulesInManaged (7ms)
			SetLoadedEditorAssemblies (6ms)
			RefreshPlugins (0ms)
			BeforeProcessingInitializeOnLoad (95ms)
			ProcessInitializeOnLoadAttributes (463ms)
			ProcessInitializeOnLoadMethodAttributes (19ms)
			AfterProcessingInitializeOnLoad (10ms)
			EditorAssembliesLoaded (0ms)
		ExecutionOrderSort2 (0ms)
		AwakeInstancesAfterBackupRestoration (6ms)
Refreshing native plugins compatible for Editor in 5.49 ms, found 3 plugins.
Preloading 0 native plugins for Editor in 0.00 ms.
Unloading 3299 Unused Serialized files (Serialized files now loaded: 0)
Unloading 28 unused Assets / (33.6 KB). Loaded Objects now: 3805.
Memory consumption went from 141.9 MB to 141.8 MB.
Total: 3.234200 ms (FindLiveObjects: 0.387700 ms CreateObjectMapping: 0.099100 ms MarkObjects: 2.685700 ms  DeleteObjects: 0.060200 ms)

Prepare: number of updated asset objects reloaded= 0
AssetImportParameters requested are different than current active one (requested -> active):
  custom:container-demuxer-ogg: 62fdf1f143b41e24485cea50d1cbac27 -> 
  custom:video-decoder-ogg-theora: a1e56fd34408186e4bbccfd4996cb3dc -> 
  custom:framework-win-MediaFoundation: 216162199b28c13a410421893ffa2e32 -> 
  custom:CustomObjectIndexerAttribute: 756ad292c208cfabdd7b50bc23989ffe -> 
  custom:container-demuxer-webm: 4f35f7cbe854078d1ac9338744f61a02 -> 
  custom:container-muxer-webm: aa71ff27fc2769a1b78a27578f13a17b -> 
  custom:video-decoder-webm-vp8: 9c59270c3fd7afecdb556c50c9e8de78 -> 
  custom:SearchIndexIgnoredProperties: e643bd26f0fe6173181afceb89e7c659 -> 
  custom:AudioImporter_EditorPlatform: d09bf68614088b80899f8185d706f6e7 -> 
  custom:video-encoder-webm-vp8: eb34c28f22e8b96e1ab97ce403110664 -> 
  custom:audio-decoder-ogg-vorbis: bf7c407c2cedff20999df2af8eb42d56 -> 
  custom:audio-encoder-webm-vorbis: bf7c407c2cedff20999df2af8eb42d56 -> 
========================================================================
Received Prepare
Begin MonoManager ReloadAssembly
Symbol file LoadedFromMemory is not a mono symbol file
- Loaded All Assemblies, in  0.680 seconds
Refreshing native plugins compatible for Editor in 5.47 ms, found 3 plugins.
Native extension for WindowsStandalone target not found
[Package Manager] Server::EnsureServerProcessIsRunning -- launch failed, reason: Unity was launched with the -noUpm command-line argument
[Package Manager] UpmClient::Send -- Unable to send message (not connected to UPM process).
[Package Manager] Cannot connect to Unity Package Manager local server
Mono: successfully reloaded assembly
[Package Manager] Server::EnsureServerProcessIsRunning -- launch failed, reason: Unity was launched with the -noUpm command-line argument
[Package Manager] UpmClient::Send -- Unable to send message (not connected to UPM process).
[Package Manager] Cannot connect to Unity Package Manager local server
- Finished resetting the current domain, in  1.513 seconds
Domain Reload Profiling: 2189ms
	BeginReloadAssembly (215ms)
		ExecutionOrderSort (0ms)
		DisableScriptedObjects (7ms)
		BackupInstance (0ms)
		ReleaseScriptingObjects (0ms)
		CreateAndSetChildDomain (46ms)
	RebuildCommonClasses (34ms)
	RebuildNativeTypeToScriptingClass (11ms)
	initialDomainReloadingComplete (45ms)
	LoadAllAssembliesAndSetupDomain (369ms)
		LoadAssemblies (467ms)
		RebuildTransferFunctionScriptingTraits (0ms)
		AnalyzeDomain (28ms)
			TypeCache.Refresh (11ms)
				TypeCache.ScanAssembly (1ms)
			ScanForSourceGeneratedMonoScriptInfo (10ms)
			ResolveRequiredComponents (6ms)
	FinalizeReload (1514ms)
		ReleaseScriptCaches (0ms)
		RebuildScriptCaches (0ms)
		SetupLoadedEditorAssemblies (896ms)
			LogAssemblyErrors (0ms)
			InitializePlatformSupportModulesInManaged (11ms)
			SetLoadedEditorAssemblies (9ms)
			RefreshPlugins (0ms)
			BeforeProcessingInitializeOnLoad (136ms)
			ProcessInitializeOnLoadAttributes (695ms)
			ProcessInitializeOnLoadMethodAttributes (30ms)
			AfterProcessingInitializeOnLoad (13ms)
			EditorAssembliesLoaded (1ms)
		ExecutionOrderSort2 (0ms)
		AwakeInstancesAfterBackupRestoration (9ms)
Refreshing native plugins compatible for Editor in 7.60 ms, found 3 plugins.
Preloading 0 native plugins for Editor in 0.00 ms.
Unloading 3299 Unused Serialized files (Serialized files now loaded: 0)
Unloading 28 unused Assets / (33.7 KB). Loaded Objects now: 3808.
Memory consumption went from 143.8 MB to 143.7 MB.
Total: 5.530100 ms (FindLiveObjects: 0.590600 ms CreateObjectMapping: 0.119500 ms MarkObjects: 4.667000 ms  DeleteObjects: 0.151200 ms)

Prepare: number of updated asset objects reloaded= 0
AssetImportParameters requested are different than current active one (requested -> active):
  custom:container-demuxer-ogg: 62fdf1f143b41e24485cea50d1cbac27 -> 
  custom:video-decoder-ogg-theora: a1e56fd34408186e4bbccfd4996cb3dc -> 
  custom:framework-win-MediaFoundation: 216162199b28c13a410421893ffa2e32 -> 
  custom:CustomObjectIndexerAttribute: 756ad292c208cfabdd7b50bc23989ffe -> 
  custom:container-demuxer-webm: 4f35f7cbe854078d1ac9338744f61a02 -> 
  custom:container-muxer-webm: aa71ff27fc2769a1b78a27578f13a17b -> 
  custom:video-decoder-webm-vp8: 9c59270c3fd7afecdb556c50c9e8de78 -> 
  custom:SearchIndexIgnoredProperties: e643bd26f0fe6173181afceb89e7c659 -> 
  custom:AudioImporter_EditorPlatform: d09bf68614088b80899f8185d706f6e7 -> 
  custom:video-encoder-webm-vp8: eb34c28f22e8b96e1ab97ce403110664 -> 
  custom:audio-decoder-ogg-vorbis: bf7c407c2cedff20999df2af8eb42d56 -> 
  custom:audio-encoder-webm-vorbis: bf7c407c2cedff20999df2af8eb42d56 -> 
========================================================================
Received Prepare
Begin MonoManager ReloadAssembly
Symbol file LoadedFromMemory is not a mono symbol file
- Loaded All Assemblies, in  0.620 seconds
Refreshing native plugins compatible for Editor in 5.66 ms, found 3 plugins.
Native extension for WindowsStandalone target not found
[Package Manager] Server::EnsureServerProcessIsRunning -- launch failed, reason: Unity was launched with the -noUpm command-line argument
[Package Manager] UpmClient::Send -- Unable to send message (not connected to UPM process).
[Package Manager] Cannot connect to Unity Package Manager local server
Mono: successfully reloaded assembly
[Package Manager] Server::EnsureServerProcessIsRunning -- launch failed, reason: Unity was launched with the -noUpm command-line argument
[Package Manager] UpmClient::Send -- Unable to send message (not connected to UPM process).
[Package Manager] Cannot connect to Unity Package Manager local server
- Finished resetting the current domain, in  1.165 seconds
Domain Reload Profiling: 1779ms
	BeginReloadAssembly (196ms)
		ExecutionOrderSort (0ms)
		DisableScriptedObjects (6ms)
		BackupInstance (0ms)
		ReleaseScriptingObjects (0ms)
		CreateAndSetChildDomain (43ms)
	RebuildCommonClasses (43ms)
	RebuildNativeTypeToScriptingClass (14ms)
	initialDomainReloadingComplete (45ms)
	LoadAllAssembliesAndSetupDomain (315ms)
		LoadAssemblies (404ms)
		RebuildTransferFunctionScriptingTraits (0ms)
		AnalyzeDomain (25ms)
			TypeCache.Refresh (11ms)
				TypeCache.ScanAssembly (1ms)
			ScanForSourceGeneratedMonoScriptInfo (7ms)
			ResolveRequiredComponents (5ms)
	FinalizeReload (1166ms)
		ReleaseScriptCaches (0ms)
		RebuildScriptCaches (0ms)
		SetupLoadedEditorAssemblies (611ms)
			LogAssemblyErrors (0ms)
			InitializePlatformSupportModulesInManaged (9ms)
			SetLoadedEditorAssemblies (7ms)
			RefreshPlugins (0ms)
			BeforeProcessingInitializeOnLoad (100ms)
			ProcessInitializeOnLoadAttributes (466ms)
			ProcessInitializeOnLoadMethodAttributes (19ms)
			AfterProcessingInitializeOnLoad (11ms)
			EditorAssembliesLoaded (0ms)
		ExecutionOrderSort2 (0ms)
		AwakeInstancesAfterBackupRestoration (6ms)
Refreshing native plugins compatible for Editor in 5.57 ms, found 3 plugins.
Preloading 0 native plugins for Editor in 0.00 ms.
Unloading 3299 Unused Serialized files (Serialized files now loaded: 0)
Unloading 28 unused Assets / (33.7 KB). Loaded Objects now: 3811.
Memory consumption went from 145.7 MB to 145.7 MB.
Total: 3.058900 ms (FindLiveObjects: 0.283800 ms CreateObjectMapping: 0.099400 ms MarkObjects: 2.615200 ms  DeleteObjects: 0.059300 ms)

Prepare: number of updated asset objects reloaded= 0
AssetImportParameters requested are different than current active one (requested -> active):
  custom:container-demuxer-ogg: 62fdf1f143b41e24485cea50d1cbac27 -> 
  custom:video-decoder-ogg-theora: a1e56fd34408186e4bbccfd4996cb3dc -> 
  custom:framework-win-MediaFoundation: 216162199b28c13a410421893ffa2e32 -> 
  custom:CustomObjectIndexerAttribute: 756ad292c208cfabdd7b50bc23989ffe -> 
  custom:container-demuxer-webm: 4f35f7cbe854078d1ac9338744f61a02 -> 
  custom:container-muxer-webm: aa71ff27fc2769a1b78a27578f13a17b -> 
  custom:video-decoder-webm-vp8: 9c59270c3fd7afecdb556c50c9e8de78 -> 
  custom:SearchIndexIgnoredProperties: e643bd26f0fe6173181afceb89e7c659 -> 
  custom:AudioImporter_EditorPlatform: d09bf68614088b80899f8185d706f6e7 -> 
  custom:video-encoder-webm-vp8: eb34c28f22e8b96e1ab97ce403110664 -> 
  custom:audio-decoder-ogg-vorbis: bf7c407c2cedff20999df2af8eb42d56 -> 
  custom:audio-encoder-webm-vorbis: bf7c407c2cedff20999df2af8eb42d56 -> 
========================================================================
Received Import Request.
  Time since last request: 586.407982 seconds.
  path: Assets/Prefaps/Street_Carts/Braun_1.prefab
  artifactKey: Guid(04ef34d294d18e54aa0c4502846b57d7) Importer(815301076,1909f56bfc062723c751e8b465ee728b)
Start importing Assets/Prefaps/Street_Carts/Braun_1.prefab using Guid(04ef34d294d18e54aa0c4502846b57d7) Importer(815301076,1909f56bfc062723c751e8b465ee728b)  -> (artifact id: 'dee71c5f22b53af7292a9e028b877e7a') in 0.088074 seconds
Number of updated asset objects reloaded before import = 0
Number of asset objects unloaded after import = 10
========================================================================
Received Import Request.
  Time since last request: 0.000020 seconds.
  path: Assets/Prefaps/Street_Carts/Grün_3.prefab
  artifactKey: Guid(9c1aaca21aed0ab45854f37745a8280e) Importer(815301076,1909f56bfc062723c751e8b465ee728b)
Start importing Assets/Prefaps/Street_Carts/Grün_3.prefab using Guid(9c1aaca21aed0ab45854f37745a8280e) Importer(815301076,1909f56bfc062723c751e8b465ee728b)  -> (artifact id: 'c38376b8bd42f5c3b6a5364a13ff4976') in 0.009278 seconds
Number of updated asset objects reloaded before import = 0
Number of asset objects unloaded after import = 10
========================================================================
Received Import Request.
  Time since last request: 0.000022 seconds.
  path: Assets/Prefaps/Street_Carts/Rot_1.prefab
  artifactKey: Guid(bb2669c5e9066934297695c0d1619533) Importer(815301076,1909f56bfc062723c751e8b465ee728b)
Start importing Assets/Prefaps/Street_Carts/Rot_1.prefab using Guid(bb2669c5e9066934297695c0d1619533) Importer(815301076,1909f56bfc062723c751e8b465ee728b)  -> (artifact id: '3a552f62c65b5b99edc3b0b7c8376a92') in 0.008944 seconds
Number of updated asset objects reloaded before import = 0
Number of asset objects unloaded after import = 10
========================================================================
Received Import Request.
  Time since last request: 0.000019 seconds.
  path: Assets/Prefaps/Street_Carts/Rot_2.prefab
  artifactKey: Guid(24afe959b44797a409eb751dfc2c3f23) Importer(815301076,1909f56bfc062723c751e8b465ee728b)
Start importing Assets/Prefaps/Street_Carts/Rot_2.prefab using Guid(24afe959b44797a409eb751dfc2c3f23) Importer(815301076,1909f56bfc062723c751e8b465ee728b)  -> (artifact id: '22e3ca965bd1933280829d3047c794c0') in 0.008611 seconds
Number of updated asset objects reloaded before import = 0
Number of asset objects unloaded after import = 10
========================================================================
Received Import Request.
  Time since last request: 0.000015 seconds.
  path: Assets/Prefaps/Street_Carts/Pink_2.prefab
  artifactKey: Guid(d0b0f1817e864434f8d6b2757597bbdd) Importer(815301076,1909f56bfc062723c751e8b465ee728b)
Start importing Assets/Prefaps/Street_Carts/Pink_2.prefab using Guid(d0b0f1817e864434f8d6b2757597bbdd) Importer(815301076,1909f56bfc062723c751e8b465ee728b)  -> (artifact id: 'a511ac0f91760c896ce526f03c6e73fc') in 0.007950 seconds
Number of updated asset objects reloaded before import = 0
Number of asset objects unloaded after import = 10
========================================================================
Received Import Request.
  Time since last request: 0.000017 seconds.
  path: Assets/Prefaps/Street_Carts/Pink_3.prefab
  artifactKey: Guid(0325aa5c0821679488b9cded13d4dde9) Importer(815301076,1909f56bfc062723c751e8b465ee728b)
Start importing Assets/Prefaps/Street_Carts/Pink_3.prefab using Guid(0325aa5c0821679488b9cded13d4dde9) Importer(815301076,1909f56bfc062723c751e8b465ee728b)  -> (artifact id: 'f05ffeee75a02fc9845aaa7bdd1feaa9') in 0.008255 seconds
Number of updated asset objects reloaded before import = 0
Number of asset objects unloaded after import = 10
========================================================================
Received Import Request.
  Time since last request: 0.000015 seconds.
  path: Assets/Prefaps/Street_Carts/Braun_2.prefab
  artifactKey: Guid(2175a362cbff8e64cad991af76f9bb53) Importer(815301076,1909f56bfc062723c751e8b465ee728b)
Start importing Assets/Prefaps/Street_Carts/Braun_2.prefab using Guid(2175a362cbff8e64cad991af76f9bb53) Importer(815301076,1909f56bfc062723c751e8b465ee728b)  -> (artifact id: '07d98ae1557bade7ceaf65f69c463b26') in 0.008568 seconds
Number of updated asset objects reloaded before import = 0
Number of asset objects unloaded after import = 10
========================================================================
Received Import Request.
  Time since last request: 0.000014 seconds.
  path: Assets/Prefaps/Street_Carts/Bahnhof_W.prefab
  artifactKey: Guid(5534ff050d7204646a0bc797c75db492) Importer(815301076,1909f56bfc062723c751e8b465ee728b)
Start importing Assets/Prefaps/Street_Carts/Bahnhof_W.prefab using Guid(5534ff050d7204646a0bc797c75db492) Importer(815301076,1909f56bfc062723c751e8b465ee728b)  -> (artifact id: '8d26570a169aecd0a93ac78caa7f1863') in 0.007310 seconds
Number of updated asset objects reloaded before import = 0
Number of asset objects unloaded after import = 10
========================================================================
Received Import Request.
  Time since last request: 0.000020 seconds.
  path: Assets/Prefaps/Street_Carts/Hellblau_3.prefab
  artifactKey: Guid(0527eac984f79854eb8268e7b448e0a6) Importer(815301076,1909f56bfc062723c751e8b465ee728b)
Start importing Assets/Prefaps/Street_Carts/Hellblau_3.prefab using Guid(0527eac984f79854eb8268e7b448e0a6) Importer(815301076,1909f56bfc062723c751e8b465ee728b)  -> (artifact id: '285261f921eb8fb71563b7d6f10e423a') in 0.007856 seconds
Number of updated asset objects reloaded before import = 0
Number of asset objects unloaded after import = 10
========================================================================
Received Import Request.
  Time since last request: 0.000023 seconds.
  path: Assets/Prefaps/Street_Carts/Rot_3.prefab
  artifactKey: Guid(a18403d3d807a424995631dfabea6c33) Importer(815301076,1909f56bfc062723c751e8b465ee728b)
Start importing Assets/Prefaps/Street_Carts/Rot_3.prefab using Guid(a18403d3d807a424995631dfabea6c33) Importer(815301076,1909f56bfc062723c751e8b465ee728b)  -> (artifact id: 'e107f5cdccbc6a8ba53590adf579254d') in 0.007937 seconds
Number of updated asset objects reloaded before import = 0
Number of asset objects unloaded after import = 10
========================================================================
Received Import Request.
  Time since last request: 0.000029 seconds.
  path: Assets/Prefaps/Street_Carts/Gelb_3.prefab
  artifactKey: Guid(d11bf55b5a1723f4f8ac99ef6f4fb6e3) Importer(815301076,1909f56bfc062723c751e8b465ee728b)
Start importing Assets/Prefaps/Street_Carts/Gelb_3.prefab using Guid(d11bf55b5a1723f4f8ac99ef6f4fb6e3) Importer(815301076,1909f56bfc062723c751e8b465ee728b)  -> (artifact id: '0e1d2ba32da9f74912cb0acd83e4834d') in 0.008343 seconds
Number of updated asset objects reloaded before import = 0
Number of asset objects unloaded after import = 10
========================================================================
Received Import Request.
  Time since last request: 0.000015 seconds.
  path: Assets/Prefaps/Street_Carts/Grün_1.prefab
  artifactKey: Guid(5994dc8b15e217f48a965b4990d7618d) Importer(815301076,1909f56bfc062723c751e8b465ee728b)
Start importing Assets/Prefaps/Street_Carts/Grün_1.prefab using Guid(5994dc8b15e217f48a965b4990d7618d) Importer(815301076,1909f56bfc062723c751e8b465ee728b)  -> (artifact id: '9f36023ee813ac020d9c11f0d646c335') in 0.008088 seconds
Number of updated asset objects reloaded before import = 0
Number of asset objects unloaded after import = 10
========================================================================
Received Import Request.
  Time since last request: 0.000015 seconds.
  path: Assets/Prefaps/Street_Carts/Bahnhof_O.prefab
  artifactKey: Guid(86da0f781f6c2094589db56bac892790) Importer(815301076,1909f56bfc062723c751e8b465ee728b)
Start importing Assets/Prefaps/Street_Carts/Bahnhof_O.prefab using Guid(86da0f781f6c2094589db56bac892790) Importer(815301076,1909f56bfc062723c751e8b465ee728b)  -> (artifact id: '9c989eab5d34ce184d73bf56058afd46') in 0.008084 seconds
Number of updated asset objects reloaded before import = 0
Number of asset objects unloaded after import = 10
========================================================================
Received Import Request.
  Time since last request: 0.000019 seconds.
  path: Assets/Prefaps/Street_Carts/Orange_2.prefab
  artifactKey: Guid(682bf4e8320fcae47bf9a1604fd67d65) Importer(815301076,1909f56bfc062723c751e8b465ee728b)
Start importing Assets/Prefaps/Street_Carts/Orange_2.prefab using Guid(682bf4e8320fcae47bf9a1604fd67d65) Importer(815301076,1909f56bfc062723c751e8b465ee728b)  -> (artifact id: '7306a7ddff6bf9006261751f03195030') in 0.014658 seconds
Number of updated asset objects reloaded before import = 0
Number of asset objects unloaded after import = 10
========================================================================
Received Import Request.
  Time since last request: 0.000019 seconds.
  path: Assets/Prefaps/Street_Carts/Elekto.prefab
  artifactKey: Guid(a35d9cb485c711549a1fecce8411a298) Importer(815301076,1909f56bfc062723c751e8b465ee728b)
Start importing Assets/Prefaps/Street_Carts/Elekto.prefab using Guid(a35d9cb485c711549a1fecce8411a298) Importer(815301076,1909f56bfc062723c751e8b465ee728b)  -> (artifact id: 'a1bcfeb403c010f5001c62b15868870f') in 0.016369 seconds
Number of updated asset objects reloaded before import = 0
Number of asset objects unloaded after import = 10
========================================================================
Received Import Request.
  Time since last request: 0.000025 seconds.
  path: Assets/Prefaps/Street_Carts/Orange_1.prefab
  artifactKey: Guid(8afb1aef2c8be3a439ac04dfc64c6605) Importer(815301076,1909f56bfc062723c751e8b465ee728b)
Start importing Assets/Prefaps/Street_Carts/Orange_1.prefab using Guid(8afb1aef2c8be3a439ac04dfc64c6605) Importer(815301076,1909f56bfc062723c751e8b465ee728b)  -> (artifact id: 'a9c3b1668cde63182b9a94df9d1d4ce1') in 0.009606 seconds
Number of updated asset objects reloaded before import = 0
Number of asset objects unloaded after import = 10
========================================================================
Received Import Request.
  Time since last request: 0.000082 seconds.
  path: Assets/Prefaps/Street_Carts/Grün_2.prefab
  artifactKey: Guid(d256dab53997fbe48a43e35ce9a211df) Importer(815301076,1909f56bfc062723c751e8b465ee728b)
Start importing Assets/Prefaps/Street_Carts/Grün_2.prefab using Guid(d256dab53997fbe48a43e35ce9a211df) Importer(815301076,1909f56bfc062723c751e8b465ee728b)  -> (artifact id: '66b542c246207f2ddd02d5d2d5f11c61') in 0.011468 seconds
Number of updated asset objects reloaded before import = 0
Number of asset objects unloaded after import = 10
========================================================================
Received Prepare
Begin MonoManager ReloadAssembly
Symbol file LoadedFromMemory is not a mono symbol file
- Loaded All Assemblies, in  0.673 seconds
Refreshing native plugins compatible for Editor in 8.68 ms, found 3 plugins.
Native extension for WindowsStandalone target not found
[Package Manager] Server::EnsureServerProcessIsRunning -- launch failed, reason: Unity was launched with the -noUpm command-line argument
[Package Manager] UpmClient::Send -- Unable to send message (not connected to UPM process).
[Package Manager] Cannot connect to Unity Package Manager local server
Mono: successfully reloaded assembly
[Package Manager] Server::EnsureServerProcessIsRunning -- launch failed, reason: Unity was launched with the -noUpm command-line argument
[Package Manager] UpmClient::Send -- Unable to send message (not connected to UPM process).
[Package Manager] Cannot connect to Unity Package Manager local server
- Finished resetting the current domain, in  1.347 seconds
Domain Reload Profiling: 2015ms
	BeginReloadAssembly (222ms)
		ExecutionOrderSort (0ms)
		DisableScriptedObjects (8ms)
		BackupInstance (0ms)
		ReleaseScriptingObjects (0ms)
		CreateAndSetChildDomain (61ms)
	RebuildCommonClasses (35ms)
	RebuildNativeTypeToScriptingClass (10ms)
	initialDomainReloadingComplete (42ms)
	LoadAllAssembliesAndSetupDomain (358ms)
		LoadAssemblies (452ms)
		RebuildTransferFunctionScriptingTraits (0ms)
		AnalyzeDomain (24ms)
			TypeCache.Refresh (11ms)
				TypeCache.ScanAssembly (1ms)
			ScanForSourceGeneratedMonoScriptInfo (7ms)
			ResolveRequiredComponents (5ms)
	FinalizeReload (1347ms)
		ReleaseScriptCaches (0ms)
		RebuildScriptCaches (0ms)
		SetupLoadedEditorAssemblies (710ms)
			LogAssemblyErrors (0ms)
			InitializePlatformSupportModulesInManaged (8ms)
			SetLoadedEditorAssemblies (6ms)
			RefreshPlugins (0ms)
			BeforeProcessingInitializeOnLoad (117ms)
			ProcessInitializeOnLoadAttributes (547ms)
			ProcessInitializeOnLoadMethodAttributes (22ms)
			AfterProcessingInitializeOnLoad (10ms)
			EditorAssembliesLoaded (0ms)
		ExecutionOrderSort2 (0ms)
		AwakeInstancesAfterBackupRestoration (6ms)
Refreshing native plugins compatible for Editor in 5.72 ms, found 3 plugins.
Preloading 0 native plugins for Editor in 0.00 ms.
Unloading 3298 Unused Serialized files (Serialized files now loaded: 0)
Unloading 28 unused Assets / (33.7 KB). Loaded Objects now: 3814.
Memory consumption went from 147.4 MB to 147.4 MB.
Total: 4.173300 ms (FindLiveObjects: 0.316900 ms CreateObjectMapping: 0.102300 ms MarkObjects: 3.672700 ms  DeleteObjects: 0.079600 ms)

Prepare: number of updated asset objects reloaded= 0
AssetImportParameters requested are different than current active one (requested -> active):
  custom:container-demuxer-ogg: 62fdf1f143b41e24485cea50d1cbac27 -> 
  custom:video-decoder-ogg-theora: a1e56fd34408186e4bbccfd4996cb3dc -> 
  custom:framework-win-MediaFoundation: 216162199b28c13a410421893ffa2e32 -> 
  custom:CustomObjectIndexerAttribute: 756ad292c208cfabdd7b50bc23989ffe -> 
  custom:container-demuxer-webm: 4f35f7cbe854078d1ac9338744f61a02 -> 
  custom:container-muxer-webm: aa71ff27fc2769a1b78a27578f13a17b -> 
  custom:video-decoder-webm-vp8: 9c59270c3fd7afecdb556c50c9e8de78 -> 
  custom:SearchIndexIgnoredProperties: e643bd26f0fe6173181afceb89e7c659 -> 
  custom:AudioImporter_EditorPlatform: d09bf68614088b80899f8185d706f6e7 -> 
  custom:video-encoder-webm-vp8: eb34c28f22e8b96e1ab97ce403110664 -> 
  custom:audio-decoder-ogg-vorbis: bf7c407c2cedff20999df2af8eb42d56 -> 
  custom:audio-encoder-webm-vorbis: bf7c407c2cedff20999df2af8eb42d56 -> 
========================================================================
Received Prepare
Begin MonoManager ReloadAssembly
Symbol file LoadedFromMemory is not a mono symbol file
- Loaded All Assemblies, in  0.677 seconds
Refreshing native plugins compatible for Editor in 7.33 ms, found 3 plugins.
Native extension for WindowsStandalone target not found
[Package Manager] Server::EnsureServerProcessIsRunning -- launch failed, reason: Unity was launched with the -noUpm command-line argument
[Package Manager] UpmClient::Send -- Unable to send message (not connected to UPM process).
[Package Manager] Cannot connect to Unity Package Manager local server
Mono: successfully reloaded assembly
[Package Manager] Server::EnsureServerProcessIsRunning -- launch failed, reason: Unity was launched with the -noUpm command-line argument
[Package Manager] UpmClient::Send -- Unable to send message (not connected to UPM process).
[Package Manager] Cannot connect to Unity Package Manager local server
- Finished resetting the current domain, in  1.180 seconds
Domain Reload Profiling: 1853ms
	BeginReloadAssembly (218ms)
		ExecutionOrderSort (0ms)
		DisableScriptedObjects (9ms)
		BackupInstance (0ms)
		ReleaseScriptingObjects (0ms)
		CreateAndSetChildDomain (54ms)
	RebuildCommonClasses (37ms)
	RebuildNativeTypeToScriptingClass (31ms)
	initialDomainReloadingComplete (39ms)
	LoadAllAssembliesAndSetupDomain (348ms)
		LoadAssemblies (422ms)
		RebuildTransferFunctionScriptingTraits (0ms)
		AnalyzeDomain (35ms)
			TypeCache.Refresh (14ms)
				TypeCache.ScanAssembly (1ms)
			ScanForSourceGeneratedMonoScriptInfo (10ms)
			ResolveRequiredComponents (8ms)
	FinalizeReload (1181ms)
		ReleaseScriptCaches (0ms)
		RebuildScriptCaches (0ms)
		SetupLoadedEditorAssemblies (630ms)
			LogAssemblyErrors (0ms)
			InitializePlatformSupportModulesInManaged (8ms)
			SetLoadedEditorAssemblies (5ms)
			RefreshPlugins (0ms)
			BeforeProcessingInitializeOnLoad (96ms)
			ProcessInitializeOnLoadAttributes (493ms)
			ProcessInitializeOnLoadMethodAttributes (19ms)
			AfterProcessingInitializeOnLoad (10ms)
			EditorAssembliesLoaded (0ms)
		ExecutionOrderSort2 (0ms)
		AwakeInstancesAfterBackupRestoration (6ms)
Refreshing native plugins compatible for Editor in 5.12 ms, found 3 plugins.
Preloading 0 native plugins for Editor in 0.00 ms.
Unloading 3299 Unused Serialized files (Serialized files now loaded: 0)
Unloading 28 unused Assets / (33.7 KB). Loaded Objects now: 3817.
Memory consumption went from 149.6 MB to 149.6 MB.
Total: 3.481500 ms (FindLiveObjects: 0.376700 ms CreateObjectMapping: 0.100600 ms MarkObjects: 2.941600 ms  DeleteObjects: 0.061500 ms)

Prepare: number of updated asset objects reloaded= 0
AssetImportParameters requested are different than current active one (requested -> active):
  custom:container-demuxer-ogg: 62fdf1f143b41e24485cea50d1cbac27 -> 
  custom:video-decoder-ogg-theora: a1e56fd34408186e4bbccfd4996cb3dc -> 
  custom:framework-win-MediaFoundation: 216162199b28c13a410421893ffa2e32 -> 
  custom:CustomObjectIndexerAttribute: 756ad292c208cfabdd7b50bc23989ffe -> 
  custom:container-demuxer-webm: 4f35f7cbe854078d1ac9338744f61a02 -> 
  custom:container-muxer-webm: aa71ff27fc2769a1b78a27578f13a17b -> 
  custom:video-decoder-webm-vp8: 9c59270c3fd7afecdb556c50c9e8de78 -> 
  custom:SearchIndexIgnoredProperties: e643bd26f0fe6173181afceb89e7c659 -> 
  custom:AudioImporter_EditorPlatform: d09bf68614088b80899f8185d706f6e7 -> 
  custom:video-encoder-webm-vp8: eb34c28f22e8b96e1ab97ce403110664 -> 
  custom:audio-decoder-ogg-vorbis: bf7c407c2cedff20999df2af8eb42d56 -> 
  custom:audio-encoder-webm-vorbis: bf7c407c2cedff20999df2af8eb42d56 -> 
========================================================================
Received Prepare
Begin MonoManager ReloadAssembly
Symbol file LoadedFromMemory is not a mono symbol file
- Loaded All Assemblies, in  0.647 seconds
Refreshing native plugins compatible for Editor in 5.77 ms, found 3 plugins.
Native extension for WindowsStandalone target not found
[Package Manager] Server::EnsureServerProcessIsRunning -- launch failed, reason: Unity was launched with the -noUpm command-line argument
[Package Manager] UpmClient::Send -- Unable to send message (not connected to UPM process).
[Package Manager] Cannot connect to Unity Package Manager local server
Mono: successfully reloaded assembly
[Package Manager] Server::EnsureServerProcessIsRunning -- launch failed, reason: Unity was launched with the -noUpm command-line argument
[Package Manager] UpmClient::Send -- Unable to send message (not connected to UPM process).
[Package Manager] Cannot connect to Unity Package Manager local server
- Finished resetting the current domain, in  1.206 seconds
Domain Reload Profiling: 1849ms
	BeginReloadAssembly (204ms)
		ExecutionOrderSort (0ms)
		DisableScriptedObjects (8ms)
		BackupInstance (0ms)
		ReleaseScriptingObjects (0ms)
		CreateAndSetChildDomain (40ms)
	RebuildCommonClasses (37ms)
	RebuildNativeTypeToScriptingClass (14ms)
	initialDomainReloadingComplete (40ms)
	LoadAllAssembliesAndSetupDomain (347ms)
		LoadAssemblies (440ms)
		RebuildTransferFunctionScriptingTraits (0ms)
		AnalyzeDomain (28ms)
			TypeCache.Refresh (13ms)
				TypeCache.ScanAssembly (1ms)
			ScanForSourceGeneratedMonoScriptInfo (8ms)
			ResolveRequiredComponents (5ms)
	FinalizeReload (1206ms)
		ReleaseScriptCaches (0ms)
		RebuildScriptCaches (0ms)
		SetupLoadedEditorAssemblies (652ms)
			LogAssemblyErrors (0ms)
			InitializePlatformSupportModulesInManaged (8ms)
			SetLoadedEditorAssemblies (7ms)
			RefreshPlugins (0ms)
			BeforeProcessingInitializeOnLoad (114ms)
			ProcessInitializeOnLoadAttributes (493ms)
			ProcessInitializeOnLoadMethodAttributes (19ms)
			AfterProcessingInitializeOnLoad (11ms)
			EditorAssembliesLoaded (0ms)
		ExecutionOrderSort2 (0ms)
		AwakeInstancesAfterBackupRestoration (6ms)
Refreshing native plugins compatible for Editor in 5.52 ms, found 3 plugins.
Preloading 0 native plugins for Editor in 0.00 ms.
Unloading 3299 Unused Serialized files (Serialized files now loaded: 0)
Unloading 28 unused Assets / (33.8 KB). Loaded Objects now: 3820.
Memory consumption went from 151.5 MB to 151.5 MB.
Total: 3.686500 ms (FindLiveObjects: 0.282000 ms CreateObjectMapping: 0.100600 ms MarkObjects: 3.239500 ms  DeleteObjects: 0.063200 ms)

Prepare: number of updated asset objects reloaded= 0
AssetImportParameters requested are different than current active one (requested -> active):
  custom:container-demuxer-ogg: 62fdf1f143b41e24485cea50d1cbac27 -> 
  custom:video-decoder-ogg-theora: a1e56fd34408186e4bbccfd4996cb3dc -> 
  custom:framework-win-MediaFoundation: 216162199b28c13a410421893ffa2e32 -> 
  custom:CustomObjectIndexerAttribute: 756ad292c208cfabdd7b50bc23989ffe -> 
  custom:container-demuxer-webm: 4f35f7cbe854078d1ac9338744f61a02 -> 
  custom:container-muxer-webm: aa71ff27fc2769a1b78a27578f13a17b -> 
  custom:video-decoder-webm-vp8: 9c59270c3fd7afecdb556c50c9e8de78 -> 
  custom:SearchIndexIgnoredProperties: e643bd26f0fe6173181afceb89e7c659 -> 
  custom:AudioImporter_EditorPlatform: d09bf68614088b80899f8185d706f6e7 -> 
  custom:video-encoder-webm-vp8: eb34c28f22e8b96e1ab97ce403110664 -> 
  custom:audio-decoder-ogg-vorbis: bf7c407c2cedff20999df2af8eb42d56 -> 
  custom:audio-encoder-webm-vorbis: bf7c407c2cedff20999df2af8eb42d56 -> 
========================================================================
Received Prepare
Begin MonoManager ReloadAssembly
Symbol file LoadedFromMemory is not a mono symbol file
- Loaded All Assemblies, in  2.616 seconds
Refreshing native plugins compatible for Editor in 5.76 ms, found 3 plugins.
Native extension for WindowsStandalone target not found
